10-15 17:03:28 com_github_MitjaNemec_ReplicateLayout.action_replicate_layout 409:Plugin executed on: 'win32'
10-15 17:03:28 com_github_MitjaNemec_ReplicateLayout.action_replicate_layout 410:Plugin executed with python version: '3.11.5 (main, Jun 15 2025, 06:45:45) [MSC v.1942 64 bit (AMD64)]'
10-15 17:03:28 com_github_MitjaNemec_ReplicateLayout.action_replicate_layout 411:KiCad build version: 9.0.4
10-15 17:03:28 com_github_MitjaNemec_ReplicateLayout.action_replicate_layout 412:Plugin version: 4.0.3
10-15 17:03:28 com_github_MitjaNemec_ReplicateLayout.action_replicate_layout 413:Frame repr: <wx._core.Frame object at 0x000001C262EDC4C0>
10-15 17:03:28 com_github_MitjaNemec_ReplicateLayout.action_replicate_layout 437:Preparing replicator with L3 as a reference
10-15 17:03:28 com_github_MitjaNemec_ReplicateLayout.replicate_layout 117:getting a list of all footprints on board
10-15 17:03:29 com_github_MitjaNemec_ReplicateLayout.action_replicate_layout 485:source anchor footprint is 'L3'
Located on: ['power', '5v buck rpi']
With filenames: ['power.kicad_sch', '5v_buck.kicad_sch']
With sheet_id:['power', '5v buck rpi']
10-15 17:03:29 com_github_MitjaNemec_ReplicateLayout.action_replicate_layout 492:Corresponding footprints are 
[('L3', ['power', '5v buck rpi']), ('L4', ['power', '5v buck mcu'])]
10-15 17:03:29 com_github_MitjaNemec_ReplicateLayout.action_replicate_layout 504:Showing dialog
10-15 17:03:29 com_github_MitjaNemec_ReplicateLayout.replicate_layout 472:constructing a list of sheets suitable for replication on level:'5v buck rpi', file:'5v_buck.kicad_sch'
10-15 17:03:29 com_github_MitjaNemec_ReplicateLayout.replicate_layout 509:suitable sheets are:[['power', '5v buck mcu']]
10-15 17:03:29 com_github_MitjaNemec_ReplicateLayout.replicate_layout 1512:Level selected: ['power', '5v buck rpi']
10-15 17:03:29 com_github_MitjaNemec_ReplicateLayout.replicate_layout 1336:Filtering list of tracks
10-15 17:03:29 com_github_MitjaNemec_ReplicateLayout.action_replicate_layout 510:Toolbar position: wx.Point(3806, 77)
10-15 17:03:29 com_github_MitjaNemec_ReplicateLayout.action_replicate_layout 515:Dialog position: wx.Point(3367, 77)
10-15 17:03:32 com_github_MitjaNemec_ReplicateLayout.replicate_layout 472:constructing a list of sheets suitable for replication on level:'5v buck rpi', file:'5v_buck.kicad_sch'
10-15 17:03:32 com_github_MitjaNemec_ReplicateLayout.replicate_layout 509:suitable sheets are:[['power', '5v buck mcu']]
10-15 17:03:32 com_github_MitjaNemec_ReplicateLayout.action_replicate_layout 248:Replicating layout
10-15 17:03:32 com_github_MitjaNemec_ReplicateLayout.replicate_layout 288:Starting replication of sheets: [['power', '5v buck mcu']]
on level: ['power', '5v buck rpi']
with tracks=True, zone=True, text=True, text=True, intersecting=False, remove=False, locked footprints=False, group_only=False
10-15 17:03:32 root 340:updating GUI message: 'Preparing for replication'
10-15 17:03:32 root 345:updating GUI with: 0
10-15 17:03:32 com_github_MitjaNemec_ReplicateLayout.replicate_layout 358:Getting the list of source footprints
10-15 17:03:32 com_github_MitjaNemec_ReplicateLayout.replicate_layout 368:Getting the list of all the remaining footprints
10-15 17:03:32 com_github_MitjaNemec_ReplicateLayout.replicate_layout 375:Getting source tracks
10-15 17:03:32 com_github_MitjaNemec_ReplicateLayout.replicate_layout 1336:Filtering list of tracks
10-15 17:03:32 com_github_MitjaNemec_ReplicateLayout.replicate_layout 379:Getting source zones
10-15 17:03:32 root 345:updating GUI with: 50
10-15 17:03:32 com_github_MitjaNemec_ReplicateLayout.replicate_layout 383:Getting source text items
10-15 17:03:32 root 345:updating GUI with: 66
10-15 17:03:32 com_github_MitjaNemec_ReplicateLayout.replicate_layout 387:Getting source drawing items
10-15 17:03:32 root 340:updating GUI message: 'Replicating footprints'
10-15 17:03:32 root 345:updating GUI with: 0
10-15 17:03:32 com_github_MitjaNemec_ReplicateLayout.replicate_layout 863:Replicating footprints
10-15 17:03:32 com_github_MitjaNemec_ReplicateLayout.replicate_layout 870:Replicating footprints on sheet ['power', '5v buck mcu']
10-15 17:03:32 com_github_MitjaNemec_ReplicateLayout.replicate_layout 835:Src fp.id: 'B21D69E7-20F4-4B5C-92A3-96B0FB2E7A2B'
10-15 17:03:32 com_github_MitjaNemec_ReplicateLayout.replicate_layout 839:Dst fp.id: 'B21D69E7-20F4-4B5C-92A3-96B0FB2E7A2B'
10-15 17:03:32 com_github_MitjaNemec_ReplicateLayout.replicate_layout 888:Replicating footprint: 'D4'
10-15 17:03:32 com_github_MitjaNemec_ReplicateLayout.replicate_layout 835:Src fp.id: '9AF45627-65E5-4DAA-ACAE-34FE97FDA3EC'
10-15 17:03:32 com_github_MitjaNemec_ReplicateLayout.replicate_layout 839:Dst fp.id: '9AF45627-65E5-4DAA-ACAE-34FE97FDA3EC'
10-15 17:03:32 com_github_MitjaNemec_ReplicateLayout.replicate_layout 895:found match in dst footprint: 'D37'
10-15 17:03:32 com_github_MitjaNemec_ReplicateLayout.replicate_layout 990:Src text UUid:daee14d9-8ddc-4adc-b290-0044b938322a
10-15 17:03:32 com_github_MitjaNemec_ReplicateLayout.replicate_layout 991:Dst text UUid:eeb85f5f-1c63-4281-b63f-717fe9f728f5
10-15 17:03:32 com_github_MitjaNemec_ReplicateLayout.replicate_layout 990:Src text UUid:2e15e2b2-ac18-4451-82b8-3058007ad911
10-15 17:03:32 com_github_MitjaNemec_ReplicateLayout.replicate_layout 991:Dst text UUid:cc4f0bb9-b0c1-4f0e-b68f-d26c0d04f4aa
10-15 17:03:32 com_github_MitjaNemec_ReplicateLayout.replicate_layout 990:Src text UUid:060a6cb0-537b-4d66-840a-c35ba1ca3d95
10-15 17:03:32 com_github_MitjaNemec_ReplicateLayout.replicate_layout 991:Dst text UUid:2276f4d8-a38f-456a-abf5-ac6dcc0ba0e9
10-15 17:03:32 com_github_MitjaNemec_ReplicateLayout.replicate_layout 888:Replicating footprint: 'C22'
10-15 17:03:32 com_github_MitjaNemec_ReplicateLayout.replicate_layout 835:Src fp.id: 'EA95D508-2ABD-4AAB-B66B-6CBD4E97D2B9'
10-15 17:03:32 com_github_MitjaNemec_ReplicateLayout.replicate_layout 839:Dst fp.id: 'EA95D508-2ABD-4AAB-B66B-6CBD4E97D2B9'
10-15 17:03:32 com_github_MitjaNemec_ReplicateLayout.replicate_layout 895:found match in dst footprint: 'C119'
10-15 17:03:32 com_github_MitjaNemec_ReplicateLayout.replicate_layout 990:Src text UUid:dac95642-5f14-4942-ab3a-bd5cc218d545
10-15 17:03:32 com_github_MitjaNemec_ReplicateLayout.replicate_layout 991:Dst text UUid:92a152be-43fd-4c36-8126-b15115fddb79
10-15 17:03:32 com_github_MitjaNemec_ReplicateLayout.replicate_layout 990:Src text UUid:5dcbc8b4-eced-44e2-9d70-64d76514cfe2
10-15 17:03:32 com_github_MitjaNemec_ReplicateLayout.replicate_layout 991:Dst text UUid:d5f7f135-d8c3-4703-91c3-871e83102bee
10-15 17:03:32 com_github_MitjaNemec_ReplicateLayout.replicate_layout 990:Src text UUid:373c3a50-7425-4286-9118-a1372c6ca81c
10-15 17:03:32 com_github_MitjaNemec_ReplicateLayout.replicate_layout 991:Dst text UUid:c10b70f6-702f-4f54-8c71-8d0ff929fcf2
10-15 17:03:32 com_github_MitjaNemec_ReplicateLayout.replicate_layout 888:Replicating footprint: 'C21'
10-15 17:03:32 com_github_MitjaNemec_ReplicateLayout.replicate_layout 835:Src fp.id: '251545B7-9DA4-461B-B78A-4B96B14DCF91'
10-15 17:03:32 com_github_MitjaNemec_ReplicateLayout.replicate_layout 839:Dst fp.id: '251545B7-9DA4-461B-B78A-4B96B14DCF91'
10-15 17:03:32 com_github_MitjaNemec_ReplicateLayout.replicate_layout 895:found match in dst footprint: 'C118'
10-15 17:03:32 com_github_MitjaNemec_ReplicateLayout.replicate_layout 990:Src text UUid:9cb081b6-1fb2-4801-ac1a-02c8b65523ca
10-15 17:03:32 com_github_MitjaNemec_ReplicateLayout.replicate_layout 991:Dst text UUid:849a1be3-167f-4010-bd9a-d915090b388f
10-15 17:03:32 com_github_MitjaNemec_ReplicateLayout.replicate_layout 990:Src text UUid:c2f2b0f8-ba1b-4c9c-8e5d-8ac986ba4330
10-15 17:03:32 com_github_MitjaNemec_ReplicateLayout.replicate_layout 991:Dst text UUid:caad9423-d56f-40a5-bd34-1dbd20c9f88b
10-15 17:03:32 com_github_MitjaNemec_ReplicateLayout.replicate_layout 990:Src text UUid:0fbf5d3e-4cc2-4d8c-b8a9-c0916acfd574
10-15 17:03:32 com_github_MitjaNemec_ReplicateLayout.replicate_layout 991:Dst text UUid:1495885f-ba0c-4c2b-82a9-ed247c23b869
10-15 17:03:32 com_github_MitjaNemec_ReplicateLayout.replicate_layout 888:Replicating footprint: 'C19'
10-15 17:03:32 com_github_MitjaNemec_ReplicateLayout.replicate_layout 835:Src fp.id: 'BF2286E3-1739-4F42-9402-B571EA68A930'
10-15 17:03:32 com_github_MitjaNemec_ReplicateLayout.replicate_layout 839:Dst fp.id: 'BF2286E3-1739-4F42-9402-B571EA68A930'
10-15 17:03:32 com_github_MitjaNemec_ReplicateLayout.replicate_layout 895:found match in dst footprint: 'C116'
10-15 17:03:32 com_github_MitjaNemec_ReplicateLayout.replicate_layout 990:Src text UUid:fc6e69cf-fe5a-485f-9e54-8ea29ddbc374
10-15 17:03:32 com_github_MitjaNemec_ReplicateLayout.replicate_layout 991:Dst text UUid:56049c3d-6deb-4900-8e3d-078405e58bbb
10-15 17:03:32 com_github_MitjaNemec_ReplicateLayout.replicate_layout 990:Src text UUid:484ab2f0-5aaa-4c3d-8105-76c3fa6e8967
10-15 17:03:32 com_github_MitjaNemec_ReplicateLayout.replicate_layout 991:Dst text UUid:c3c07f56-e7ba-41e0-ba82-e9cde679d62a
10-15 17:03:32 com_github_MitjaNemec_ReplicateLayout.replicate_layout 990:Src text UUid:921d2b59-dcc4-4e1c-a004-c4fa9d821d6b
10-15 17:03:32 com_github_MitjaNemec_ReplicateLayout.replicate_layout 991:Dst text UUid:fa9c8852-2a13-41b4-a46e-61c08a793a6c
10-15 17:03:32 com_github_MitjaNemec_ReplicateLayout.replicate_layout 888:Replicating footprint: 'C17'
10-15 17:03:32 com_github_MitjaNemec_ReplicateLayout.replicate_layout 835:Src fp.id: '4CBB21CB-6022-4478-A6E0-C4D004CCC994'
10-15 17:03:32 com_github_MitjaNemec_ReplicateLayout.replicate_layout 839:Dst fp.id: '4CBB21CB-6022-4478-A6E0-C4D004CCC994'
10-15 17:03:32 com_github_MitjaNemec_ReplicateLayout.replicate_layout 895:found match in dst footprint: 'C114'
10-15 17:03:32 com_github_MitjaNemec_ReplicateLayout.replicate_layout 990:Src text UUid:7af8f6b9-7eba-4166-9001-41670df9ce33
10-15 17:03:32 com_github_MitjaNemec_ReplicateLayout.replicate_layout 991:Dst text UUid:67cc2f72-d147-4853-94b4-e2a84d5263ef
10-15 17:03:32 com_github_MitjaNemec_ReplicateLayout.replicate_layout 990:Src text UUid:ce10362b-c275-4eb0-9e2c-9b5adda6a187
10-15 17:03:32 com_github_MitjaNemec_ReplicateLayout.replicate_layout 991:Dst text UUid:e2822d00-9818-43c3-9ed1-6aff3f23d70f
10-15 17:03:32 com_github_MitjaNemec_ReplicateLayout.replicate_layout 990:Src text UUid:cf97dbd0-9ac0-4633-943a-56bfe66d26ba
10-15 17:03:32 com_github_MitjaNemec_ReplicateLayout.replicate_layout 991:Dst text UUid:3b4a9d89-1c45-47b1-97cc-c57d8d8f54a7
10-15 17:03:32 com_github_MitjaNemec_ReplicateLayout.replicate_layout 888:Replicating footprint: 'F2'
10-15 17:03:32 com_github_MitjaNemec_ReplicateLayout.replicate_layout 835:Src fp.id: '21394629-6332-4275-B709-F4A139DAA473'
10-15 17:03:32 com_github_MitjaNemec_ReplicateLayout.replicate_layout 839:Dst fp.id: '21394629-6332-4275-B709-F4A139DAA473'
10-15 17:03:32 com_github_MitjaNemec_ReplicateLayout.replicate_layout 895:found match in dst footprint: 'F3'
10-15 17:03:32 com_github_MitjaNemec_ReplicateLayout.replicate_layout 990:Src text UUid:ddabab62-3ca0-42b1-9ad2-6d459be23a40
10-15 17:03:32 com_github_MitjaNemec_ReplicateLayout.replicate_layout 991:Dst text UUid:876be20e-0af4-4406-982f-81cb3ea8aa37
10-15 17:03:32 com_github_MitjaNemec_ReplicateLayout.replicate_layout 990:Src text UUid:57cce60d-4e56-4021-86aa-a0eb59b749ad
10-15 17:03:32 com_github_MitjaNemec_ReplicateLayout.replicate_layout 991:Dst text UUid:6ea2a5cc-cd63-46b7-a220-9eb69eeec02b
10-15 17:03:32 com_github_MitjaNemec_ReplicateLayout.replicate_layout 990:Src text UUid:185810f8-d5d6-4398-bd45-44bb95634f27
10-15 17:03:32 com_github_MitjaNemec_ReplicateLayout.replicate_layout 991:Dst text UUid:e4f489df-eae2-4dbb-acce-430b7cba550d
10-15 17:03:32 com_github_MitjaNemec_ReplicateLayout.replicate_layout 888:Replicating footprint: 'C24'
10-15 17:03:32 com_github_MitjaNemec_ReplicateLayout.replicate_layout 835:Src fp.id: '98EE7031-DC16-488B-BA22-753C4C6489C2'
10-15 17:03:32 com_github_MitjaNemec_ReplicateLayout.replicate_layout 839:Dst fp.id: '98EE7031-DC16-488B-BA22-753C4C6489C2'
10-15 17:03:32 com_github_MitjaNemec_ReplicateLayout.replicate_layout 895:found match in dst footprint: 'C121'
10-15 17:03:32 com_github_MitjaNemec_ReplicateLayout.replicate_layout 990:Src text UUid:9a4471ed-53eb-41b0-b1c8-90956b242b43
10-15 17:03:32 com_github_MitjaNemec_ReplicateLayout.replicate_layout 991:Dst text UUid:0df01243-8796-48c6-9d68-e8849d0466e8
10-15 17:03:32 com_github_MitjaNemec_ReplicateLayout.replicate_layout 990:Src text UUid:802f4d9c-2f94-494b-a6f3-554673a0dd98
10-15 17:03:32 com_github_MitjaNemec_ReplicateLayout.replicate_layout 991:Dst text UUid:010a5e64-68d7-4b1d-a592-053bbcf0a19a
10-15 17:03:32 com_github_MitjaNemec_ReplicateLayout.replicate_layout 990:Src text UUid:e4b9edf1-46c8-4bef-8b35-100173109c71
10-15 17:03:32 com_github_MitjaNemec_ReplicateLayout.replicate_layout 991:Dst text UUid:3fd13570-429a-4db7-b08d-476548ae2e5f
10-15 17:03:32 com_github_MitjaNemec_ReplicateLayout.replicate_layout 888:Replicating footprint: 'C20'
10-15 17:03:32 com_github_MitjaNemec_ReplicateLayout.replicate_layout 835:Src fp.id: 'EFCD82F9-F641-4A2A-AC53-A20112BC49F1'
10-15 17:03:32 com_github_MitjaNemec_ReplicateLayout.replicate_layout 839:Dst fp.id: 'EFCD82F9-F641-4A2A-AC53-A20112BC49F1'
10-15 17:03:32 com_github_MitjaNemec_ReplicateLayout.replicate_layout 895:found match in dst footprint: 'C117'
10-15 17:03:32 com_github_MitjaNemec_ReplicateLayout.replicate_layout 990:Src text UUid:61c4a0e8-aefb-4122-905f-4f243eb902e9
10-15 17:03:32 com_github_MitjaNemec_ReplicateLayout.replicate_layout 991:Dst text UUid:2dd6b7bb-1c52-47e2-a75c-456d4bc6900a
10-15 17:03:32 com_github_MitjaNemec_ReplicateLayout.replicate_layout 990:Src text UUid:460d8fe3-4027-420e-b01f-c5ba78911540
10-15 17:03:32 com_github_MitjaNemec_ReplicateLayout.replicate_layout 991:Dst text UUid:cb4bb34e-ed39-449d-ad2d-a63a756fc56f
10-15 17:03:32 com_github_MitjaNemec_ReplicateLayout.replicate_layout 990:Src text UUid:0ba9e413-ef5b-4f41-b253-1d26b607f29b
10-15 17:03:32 com_github_MitjaNemec_ReplicateLayout.replicate_layout 991:Dst text UUid:8f393884-1844-47ea-a7ec-a19f24e7100a
10-15 17:03:32 com_github_MitjaNemec_ReplicateLayout.replicate_layout 888:Replicating footprint: 'C23'
10-15 17:03:32 com_github_MitjaNemec_ReplicateLayout.replicate_layout 835:Src fp.id: '84B7486E-68F3-40D0-AF4D-580591B49036'
10-15 17:03:32 com_github_MitjaNemec_ReplicateLayout.replicate_layout 839:Dst fp.id: '84B7486E-68F3-40D0-AF4D-580591B49036'
10-15 17:03:32 com_github_MitjaNemec_ReplicateLayout.replicate_layout 895:found match in dst footprint: 'C120'
10-15 17:03:32 com_github_MitjaNemec_ReplicateLayout.replicate_layout 990:Src text UUid:a56edfc4-44b3-4261-85e1-a7964ef7344a
10-15 17:03:32 com_github_MitjaNemec_ReplicateLayout.replicate_layout 991:Dst text UUid:069be2e8-41ef-42af-96e1-01a884d9741d
10-15 17:03:32 com_github_MitjaNemec_ReplicateLayout.replicate_layout 990:Src text UUid:676f4762-2727-446c-ae54-d67a301b5de9
10-15 17:03:32 com_github_MitjaNemec_ReplicateLayout.replicate_layout 991:Dst text UUid:02f028cf-42f5-4a4d-9090-ee6c91cf8d3f
10-15 17:03:32 com_github_MitjaNemec_ReplicateLayout.replicate_layout 990:Src text UUid:10445e99-34ac-4ffe-a867-976882270c90
10-15 17:03:32 com_github_MitjaNemec_ReplicateLayout.replicate_layout 991:Dst text UUid:fb0df3a1-6ee2-4f44-b74d-33e2b52a4098
10-15 17:03:32 com_github_MitjaNemec_ReplicateLayout.replicate_layout 888:Replicating footprint: 'U3'
10-15 17:03:32 com_github_MitjaNemec_ReplicateLayout.replicate_layout 835:Src fp.id: 'E2F10D07-CF7B-4B21-9F1B-2E7D707D275E'
10-15 17:03:32 com_github_MitjaNemec_ReplicateLayout.replicate_layout 839:Dst fp.id: 'E2F10D07-CF7B-4B21-9F1B-2E7D707D275E'
10-15 17:03:32 com_github_MitjaNemec_ReplicateLayout.replicate_layout 895:found match in dst footprint: 'U12'
10-15 17:03:32 com_github_MitjaNemec_ReplicateLayout.replicate_layout 990:Src text UUid:dacefeb7-bf9c-4faf-89cb-7346a8973a0b
10-15 17:03:32 com_github_MitjaNemec_ReplicateLayout.replicate_layout 991:Dst text UUid:fe940a03-6f90-4233-be26-9233ccd310ce
10-15 17:03:32 com_github_MitjaNemec_ReplicateLayout.replicate_layout 990:Src text UUid:3b441cea-a239-48c7-9be6-17068fcf72db
10-15 17:03:32 com_github_MitjaNemec_ReplicateLayout.replicate_layout 991:Dst text UUid:91ace0c6-4552-4cfa-9dd1-b231c4744c9a
10-15 17:03:32 com_github_MitjaNemec_ReplicateLayout.replicate_layout 990:Src text UUid:bd17c9fa-a5a6-4bd1-b27f-01d3df61e4ed
10-15 17:03:32 com_github_MitjaNemec_ReplicateLayout.replicate_layout 991:Dst text UUid:a60d9bd9-e12f-46b1-b024-c8f0c99fe844
10-15 17:03:32 com_github_MitjaNemec_ReplicateLayout.replicate_layout 888:Replicating footprint: 'C25'
10-15 17:03:32 root 345:updating GUI with: 57
10-15 17:03:32 com_github_MitjaNemec_ReplicateLayout.replicate_layout 835:Src fp.id: '47C237F9-125E-4888-8057-A28057372650'
10-15 17:03:32 com_github_MitjaNemec_ReplicateLayout.replicate_layout 839:Dst fp.id: '47C237F9-125E-4888-8057-A28057372650'
10-15 17:03:32 com_github_MitjaNemec_ReplicateLayout.replicate_layout 895:found match in dst footprint: 'C122'
10-15 17:03:32 com_github_MitjaNemec_ReplicateLayout.replicate_layout 990:Src text UUid:63d7d4ca-1c47-43ff-b09f-522fe902a494
10-15 17:03:32 com_github_MitjaNemec_ReplicateLayout.replicate_layout 991:Dst text UUid:26dbcb92-2f9d-454d-bb3d-abce3652f1df
10-15 17:03:32 com_github_MitjaNemec_ReplicateLayout.replicate_layout 990:Src text UUid:02584e65-f447-47ea-87d0-1b96777f9873
10-15 17:03:32 com_github_MitjaNemec_ReplicateLayout.replicate_layout 991:Dst text UUid:d95b8403-ea58-4326-a05b-48ec76c6c92e
10-15 17:03:32 com_github_MitjaNemec_ReplicateLayout.replicate_layout 990:Src text UUid:48059579-f0fd-434d-a58d-af7df904dddc
10-15 17:03:32 com_github_MitjaNemec_ReplicateLayout.replicate_layout 991:Dst text UUid:fca76498-ace3-4f22-be1e-d55c7ed08ee7
10-15 17:03:32 com_github_MitjaNemec_ReplicateLayout.replicate_layout 888:Replicating footprint: 'R10'
10-15 17:03:32 com_github_MitjaNemec_ReplicateLayout.replicate_layout 835:Src fp.id: 'BBB5E2F8-D137-4158-B3D1-D42CB700FD11'
10-15 17:03:32 com_github_MitjaNemec_ReplicateLayout.replicate_layout 839:Dst fp.id: 'BBB5E2F8-D137-4158-B3D1-D42CB700FD11'
10-15 17:03:32 com_github_MitjaNemec_ReplicateLayout.replicate_layout 895:found match in dst footprint: 'R135'
10-15 17:03:32 com_github_MitjaNemec_ReplicateLayout.replicate_layout 990:Src text UUid:d7f73b5a-b387-40e2-9311-34d49ae13e42
10-15 17:03:32 com_github_MitjaNemec_ReplicateLayout.replicate_layout 991:Dst text UUid:4af3de2f-e276-41be-a093-c6dd2de28cdf
10-15 17:03:32 com_github_MitjaNemec_ReplicateLayout.replicate_layout 990:Src text UUid:ac7030d5-41c6-4afb-b31b-08d322a07ae0
10-15 17:03:32 com_github_MitjaNemec_ReplicateLayout.replicate_layout 991:Dst text UUid:b78729d4-061b-41e2-8b2a-b65ead1a0d83
10-15 17:03:32 com_github_MitjaNemec_ReplicateLayout.replicate_layout 990:Src text UUid:7ac3427b-77fb-4825-b616-3a1a08e543ad
10-15 17:03:32 com_github_MitjaNemec_ReplicateLayout.replicate_layout 991:Dst text UUid:d8cc1f2c-8c12-4298-b5ea-e46a70a2a637
10-15 17:03:32 com_github_MitjaNemec_ReplicateLayout.replicate_layout 888:Replicating footprint: 'C18'
10-15 17:03:32 com_github_MitjaNemec_ReplicateLayout.replicate_layout 835:Src fp.id: 'E827DFAE-87D9-4092-89E9-1DE736C34C53'
10-15 17:03:32 com_github_MitjaNemec_ReplicateLayout.replicate_layout 839:Dst fp.id: 'E827DFAE-87D9-4092-89E9-1DE736C34C53'
10-15 17:03:32 com_github_MitjaNemec_ReplicateLayout.replicate_layout 895:found match in dst footprint: 'C115'
10-15 17:03:32 com_github_MitjaNemec_ReplicateLayout.replicate_layout 990:Src text UUid:a546ff42-23a5-4661-ab31-00270a719ec9
10-15 17:03:32 com_github_MitjaNemec_ReplicateLayout.replicate_layout 991:Dst text UUid:99e28c8d-ffe9-4204-8338-6b79a8d12fc7
10-15 17:03:32 com_github_MitjaNemec_ReplicateLayout.replicate_layout 990:Src text UUid:82026b58-9c70-4f0c-b36e-ebc2a2330b37
10-15 17:03:32 com_github_MitjaNemec_ReplicateLayout.replicate_layout 991:Dst text UUid:38372520-6802-496f-ae31-cd6e02190317
10-15 17:03:32 com_github_MitjaNemec_ReplicateLayout.replicate_layout 990:Src text UUid:84bb6ff0-7d8e-492f-85b2-3b0a9323bc67
10-15 17:03:32 com_github_MitjaNemec_ReplicateLayout.replicate_layout 991:Dst text UUid:d9966fb1-d8f3-46f0-bf47-519119c4f44f
10-15 17:03:32 com_github_MitjaNemec_ReplicateLayout.replicate_layout 888:Replicating footprint: 'C16'
10-15 17:03:32 com_github_MitjaNemec_ReplicateLayout.replicate_layout 835:Src fp.id: 'D50E0DAA-3CD0-4C23-9492-E7752A599239'
10-15 17:03:32 com_github_MitjaNemec_ReplicateLayout.replicate_layout 839:Dst fp.id: 'D50E0DAA-3CD0-4C23-9492-E7752A599239'
10-15 17:03:32 com_github_MitjaNemec_ReplicateLayout.replicate_layout 895:found match in dst footprint: 'C113'
10-15 17:03:32 com_github_MitjaNemec_ReplicateLayout.replicate_layout 990:Src text UUid:897663e4-cef9-4a8c-87a2-5686f009c2fa
10-15 17:03:32 com_github_MitjaNemec_ReplicateLayout.replicate_layout 991:Dst text UUid:cb4365af-4298-4bac-a731-b7a7b87909af
10-15 17:03:32 com_github_MitjaNemec_ReplicateLayout.replicate_layout 990:Src text UUid:777ab8ab-385c-452e-910c-ddf756e6375d
10-15 17:03:32 com_github_MitjaNemec_ReplicateLayout.replicate_layout 991:Dst text UUid:861f5ccd-8ed4-4bc7-87f2-4f7b810b241f
10-15 17:03:32 com_github_MitjaNemec_ReplicateLayout.replicate_layout 990:Src text UUid:4c97f2fd-848e-439b-bc7b-a102868cff78
10-15 17:03:32 com_github_MitjaNemec_ReplicateLayout.replicate_layout 991:Dst text UUid:ff8c8ef8-9c8e-4022-9644-1c0f9f6bc410
10-15 17:03:32 com_github_MitjaNemec_ReplicateLayout.replicate_layout 888:Replicating footprint: 'R9'
10-15 17:03:32 com_github_MitjaNemec_ReplicateLayout.replicate_layout 835:Src fp.id: '134C1EEC-76B6-4960-9147-C2FBAEE64774'
10-15 17:03:32 com_github_MitjaNemec_ReplicateLayout.replicate_layout 839:Dst fp.id: '134C1EEC-76B6-4960-9147-C2FBAEE64774'
10-15 17:03:32 com_github_MitjaNemec_ReplicateLayout.replicate_layout 895:found match in dst footprint: 'R134'
10-15 17:03:32 com_github_MitjaNemec_ReplicateLayout.replicate_layout 990:Src text UUid:312e9b56-90bc-4b67-b1bc-4581bf6de08c
10-15 17:03:32 com_github_MitjaNemec_ReplicateLayout.replicate_layout 991:Dst text UUid:d475f804-ab37-4c9b-8876-a88c06b0e001
10-15 17:03:32 com_github_MitjaNemec_ReplicateLayout.replicate_layout 990:Src text UUid:6418528e-e674-4933-b512-a861debfaae3
10-15 17:03:32 com_github_MitjaNemec_ReplicateLayout.replicate_layout 991:Dst text UUid:81f9ecb6-bec9-457f-b481-6135e0845c39
10-15 17:03:32 com_github_MitjaNemec_ReplicateLayout.replicate_layout 990:Src text UUid:52beae0f-f0db-4ff9-b789-031d51960e3f
10-15 17:03:32 com_github_MitjaNemec_ReplicateLayout.replicate_layout 991:Dst text UUid:d7726ae7-d43b-4e3c-9281-20bca2f1f655
10-15 17:03:32 com_github_MitjaNemec_ReplicateLayout.replicate_layout 888:Replicating footprint: 'D3'
10-15 17:03:32 com_github_MitjaNemec_ReplicateLayout.replicate_layout 835:Src fp.id: '7C121026-083F-41D7-BC1B-0418F234F748'
10-15 17:03:32 com_github_MitjaNemec_ReplicateLayout.replicate_layout 839:Dst fp.id: '7C121026-083F-41D7-BC1B-0418F234F748'
10-15 17:03:32 com_github_MitjaNemec_ReplicateLayout.replicate_layout 895:found match in dst footprint: 'D36'
10-15 17:03:32 com_github_MitjaNemec_ReplicateLayout.replicate_layout 990:Src text UUid:4c98c2d6-4643-447c-9874-6741fb14260b
10-15 17:03:32 com_github_MitjaNemec_ReplicateLayout.replicate_layout 991:Dst text UUid:3eeaa5c4-4502-46a2-a52d-a6e87db52670
10-15 17:03:32 com_github_MitjaNemec_ReplicateLayout.replicate_layout 990:Src text UUid:61b3c1bf-57aa-422e-b4d9-cb53eba9857f
10-15 17:03:32 com_github_MitjaNemec_ReplicateLayout.replicate_layout 991:Dst text UUid:843b67f0-d30d-46ba-9743-ae966a866f5f
10-15 17:03:32 com_github_MitjaNemec_ReplicateLayout.replicate_layout 990:Src text UUid:9b76c41d-0257-490f-aacf-ff2e5e167607
10-15 17:03:32 com_github_MitjaNemec_ReplicateLayout.replicate_layout 991:Dst text UUid:803f4c02-8fb9-4e0f-b47f-8e25bf848e8d
10-15 17:03:32 com_github_MitjaNemec_ReplicateLayout.replicate_layout 888:Replicating footprint: 'C15'
10-15 17:03:32 com_github_MitjaNemec_ReplicateLayout.replicate_layout 835:Src fp.id: '4A66FD13-EE9F-4638-8E1C-37E6641A0C31'
10-15 17:03:32 com_github_MitjaNemec_ReplicateLayout.replicate_layout 839:Dst fp.id: '4A66FD13-EE9F-4638-8E1C-37E6641A0C31'
10-15 17:03:32 com_github_MitjaNemec_ReplicateLayout.replicate_layout 895:found match in dst footprint: 'C112'
10-15 17:03:32 com_github_MitjaNemec_ReplicateLayout.replicate_layout 990:Src text UUid:c23099cd-eabb-4da4-a7cc-9ca1ae0794c8
10-15 17:03:32 com_github_MitjaNemec_ReplicateLayout.replicate_layout 991:Dst text UUid:ae414882-e821-42da-836a-fa453cebfed6
10-15 17:03:32 com_github_MitjaNemec_ReplicateLayout.replicate_layout 990:Src text UUid:3a1b2a30-84b9-4f42-9be5-df32ad1134b6
10-15 17:03:32 com_github_MitjaNemec_ReplicateLayout.replicate_layout 991:Dst text UUid:c77f0a18-4cc4-4af1-a2da-6a7217cf4406
10-15 17:03:32 com_github_MitjaNemec_ReplicateLayout.replicate_layout 990:Src text UUid:689ad2ae-1fc4-4b94-92ea-88bf09dfd87e
10-15 17:03:32 com_github_MitjaNemec_ReplicateLayout.replicate_layout 991:Dst text UUid:b243084a-e31a-49ed-8dc8-92d0bb9acaae
10-15 17:03:32 com_github_MitjaNemec_ReplicateLayout.replicate_layout 888:Replicating footprint: 'L3'
10-15 17:03:32 com_github_MitjaNemec_ReplicateLayout.replicate_layout 835:Src fp.id: 'B21D69E7-20F4-4B5C-92A3-96B0FB2E7A2B'
10-15 17:03:32 com_github_MitjaNemec_ReplicateLayout.replicate_layout 839:Dst fp.id: 'B21D69E7-20F4-4B5C-92A3-96B0FB2E7A2B'
10-15 17:03:32 com_github_MitjaNemec_ReplicateLayout.replicate_layout 895:found match in dst footprint: 'L4'
10-15 17:03:32 com_github_MitjaNemec_ReplicateLayout.replicate_layout 990:Src text UUid:1c24f230-31a4-46c7-984e-54c52bb001a0
10-15 17:03:32 com_github_MitjaNemec_ReplicateLayout.replicate_layout 991:Dst text UUid:50516bd0-d0ee-4744-bf2d-2ba1bfb76a68
10-15 17:03:32 com_github_MitjaNemec_ReplicateLayout.replicate_layout 990:Src text UUid:86c181b1-59cd-4eea-bff3-b234dc16e1de
10-15 17:03:32 com_github_MitjaNemec_ReplicateLayout.replicate_layout 991:Dst text UUid:48c105fb-9cc2-41bb-a97c-62daf3083b5c
10-15 17:03:32 com_github_MitjaNemec_ReplicateLayout.replicate_layout 990:Src text UUid:7a05981c-232a-4a77-af0b-99916fcc22a0
10-15 17:03:32 com_github_MitjaNemec_ReplicateLayout.replicate_layout 991:Dst text UUid:745cfae8-894e-4ca8-9934-b5f5ba759719
10-15 17:03:32 com_github_MitjaNemec_ReplicateLayout.replicate_layout 888:Replicating footprint: 'C14'
10-15 17:03:32 com_github_MitjaNemec_ReplicateLayout.replicate_layout 835:Src fp.id: 'F454CF45-FF41-4A06-9DFB-71804A1F8908'
10-15 17:03:32 com_github_MitjaNemec_ReplicateLayout.replicate_layout 839:Dst fp.id: 'F454CF45-FF41-4A06-9DFB-71804A1F8908'
10-15 17:03:32 com_github_MitjaNemec_ReplicateLayout.replicate_layout 895:found match in dst footprint: 'C111'
10-15 17:03:32 com_github_MitjaNemec_ReplicateLayout.replicate_layout 990:Src text UUid:c3286ff4-5b84-4ee0-a657-235a327e122d
10-15 17:03:32 com_github_MitjaNemec_ReplicateLayout.replicate_layout 991:Dst text UUid:9cfb2e9c-15f9-4606-8e62-c03c03ee6d08
10-15 17:03:32 com_github_MitjaNemec_ReplicateLayout.replicate_layout 990:Src text UUid:560499d8-b885-49a3-a437-f4870ffbef0b
10-15 17:03:32 com_github_MitjaNemec_ReplicateLayout.replicate_layout 991:Dst text UUid:64b6c1f0-4876-49d2-9a7f-6d63e30ec8e0
10-15 17:03:32 com_github_MitjaNemec_ReplicateLayout.replicate_layout 990:Src text UUid:bf74ca73-4abe-4205-8bfd-7c201f677f70
10-15 17:03:32 com_github_MitjaNemec_ReplicateLayout.replicate_layout 991:Dst text UUid:6cc46e4b-1df8-4203-92b6-bc850dc1c6be
10-15 17:03:32 root 340:updating GUI message: 'Replicating tracks'
10-15 17:03:32 com_github_MitjaNemec_ReplicateLayout.replicate_layout 1014:Replicating tracks
10-15 17:03:32 root 345:updating GUI with: 0
10-15 17:03:32 com_github_MitjaNemec_ReplicateLayout.replicate_layout 1020:Replicating tracks on sheet ['power', '5v buck mcu']
10-15 17:03:32 com_github_MitjaNemec_ReplicateLayout.replicate_layout 835:Src fp.id: 'B21D69E7-20F4-4B5C-92A3-96B0FB2E7A2B'
10-15 17:03:32 com_github_MitjaNemec_ReplicateLayout.replicate_layout 839:Dst fp.id: 'B21D69E7-20F4-4B5C-92A3-96B0FB2E7A2B'
10-15 17:03:32 com_github_MitjaNemec_ReplicateLayout.replicate_layout 792:Net pairs for sheet ['power', '5v buck mcu'] :[('Net-(U3-BOOT)', 'Net-(U12-BOOT)'), ('Net-(C18-Pad1)', 'Net-(C115-Pad1)'), ('unconnected-(U3-EN-Pad5)', 'unconnected-(U12-EN-Pad5)'), ('Net-(D3-K)', 'Net-(D36-K)'), ('Net-(U3-VSENSE)', 'Net-(U12-VSENSE)'), ('unconnected-(U3-NC-Pad2)', 'unconnected-(U12-NC-Pad2)'), ('+5V_RPI', '+5V'), ('GND', 'GND'), ('unconnected-(U3-NC-Pad3)', 'unconnected-(U12-NC-Pad3)'), ('/power/5v buck mcu/24V_IN', '/power/5v buck mcu/24V_IN')]
10-15 17:03:32 root 340:updating GUI message: 'Replicating zones'
10-15 17:03:32 com_github_MitjaNemec_ReplicateLayout.replicate_layout 1084:Replicating zones
10-15 17:03:32 com_github_MitjaNemec_ReplicateLayout.replicate_layout 1091:Replicating zones on sheet ['power', '5v buck mcu']
10-15 17:03:32 com_github_MitjaNemec_ReplicateLayout.replicate_layout 835:Src fp.id: 'B21D69E7-20F4-4B5C-92A3-96B0FB2E7A2B'
10-15 17:03:32 com_github_MitjaNemec_ReplicateLayout.replicate_layout 839:Dst fp.id: 'B21D69E7-20F4-4B5C-92A3-96B0FB2E7A2B'
10-15 17:03:32 com_github_MitjaNemec_ReplicateLayout.replicate_layout 792:Net pairs for sheet ['power', '5v buck mcu'] :[('Net-(U3-BOOT)', 'Net-(U12-BOOT)'), ('Net-(C18-Pad1)', 'Net-(C115-Pad1)'), ('unconnected-(U3-EN-Pad5)', 'unconnected-(U12-EN-Pad5)'), ('Net-(D3-K)', 'Net-(D36-K)'), ('Net-(U3-VSENSE)', 'Net-(U12-VSENSE)'), ('unconnected-(U3-NC-Pad2)', 'unconnected-(U12-NC-Pad2)'), ('+5V_RPI', '+5V'), ('GND', 'GND'), ('unconnected-(U3-NC-Pad3)', 'unconnected-(U12-NC-Pad3)'), ('/power/5v buck mcu/24V_IN', '/power/5v buck mcu/24V_IN')]
10-15 17:03:32 root 340:updating GUI message: 'Replicating text'
10-15 17:03:32 com_github_MitjaNemec_ReplicateLayout.replicate_layout 1173:Replicating text
10-15 17:03:32 com_github_MitjaNemec_ReplicateLayout.replicate_layout 1180:Replicating text on sheet ['power', '5v buck mcu']
10-15 17:03:32 com_github_MitjaNemec_ReplicateLayout.replicate_layout 835:Src fp.id: 'B21D69E7-20F4-4B5C-92A3-96B0FB2E7A2B'
10-15 17:03:32 com_github_MitjaNemec_ReplicateLayout.replicate_layout 839:Dst fp.id: 'B21D69E7-20F4-4B5C-92A3-96B0FB2E7A2B'
10-15 17:03:32 root 340:updating GUI message: 'Replicating drawings'
10-15 17:03:32 com_github_MitjaNemec_ReplicateLayout.replicate_layout 1224:Replicating drawings
10-15 17:03:32 com_github_MitjaNemec_ReplicateLayout.replicate_layout 1230:Replicating drawings on sheet ['power', '5v buck mcu']
10-15 17:03:32 com_github_MitjaNemec_ReplicateLayout.replicate_layout 835:Src fp.id: 'B21D69E7-20F4-4B5C-92A3-96B0FB2E7A2B'
10-15 17:03:32 com_github_MitjaNemec_ReplicateLayout.replicate_layout 839:Dst fp.id: 'B21D69E7-20F4-4B5C-92A3-96B0FB2E7A2B'
10-15 17:03:32 com_github_MitjaNemec_ReplicateLayout.action_replicate_layout 264:Replication complete
