05-15 21:18:38 com_github_MitjaNemec_ReplicateLayout.action_replicate_layout 409:Plugin executed on: 'win32'
05-15 21:18:38 com_github_MitjaNemec_ReplicateLayout.action_replicate_layout 410:Plugin executed with python version: '3.11.5 (main, Jan 27 2025, 07:08:36) [MSC v.1942 64 bit (AMD64)]'
05-15 21:18:38 com_github_MitjaNemec_ReplicateLayout.action_replicate_layout 411:KiCad build version: 9.0.2
05-15 21:18:38 com_github_MitjaNemec_ReplicateLayout.action_replicate_layout 412:Plugin version: 4.0.2
05-15 21:18:38 com_github_MitjaNemec_ReplicateLayout.action_replicate_layout 413:Frame repr: <wx._core.Frame object at 0x000001FCCD847910>
05-15 21:18:38 com_github_MitjaNemec_ReplicateLayout.action_replicate_layout 437:Preparing replicator with Z8 as a reference
05-15 21:18:38 com_github_MitjaNemec_ReplicateLayout.replicate_layout 117:getting a list of all footprints on board
05-15 21:18:38 com_github_MitjaNemec_ReplicateLayout.action_replicate_layout 485:source anchor footprint is 'Z8'
Located on: ['/cell_filt1/']
With filenames: ['cell_filt.kicad_sch']
With sheet_id:['/cell_filt1/']
05-15 21:18:38 com_github_MitjaNemec_ReplicateLayout.action_replicate_layout 492:Corresponding footprints are 
[('Z2', ['/cell_filt3/']), ('Z3', ['/cell_filt4/']), ('Z13', ['/cell_filt13/']), ('Z4', ['/cell_filt5/']), ('Z7', ['/cell_filt8/']), ('Z1', ['/cell_filt2/']), ('Z8', ['/cell_filt1/']), ('Z12', ['/cell_filt12/']), ('Z11', ['/cell_filt11/']), ('Z15', ['/cell_filt15/']), ('Z5', ['/cell_filt6/']), ('Z9', ['/cell_filt9/']), ('Z10', ['/cell_filt10/']), ('Z6', ['/cell_filt7/']), ('Z14', ['/cell_filt14/'])]
05-15 21:18:38 com_github_MitjaNemec_ReplicateLayout.action_replicate_layout 504:Showing dialog
05-15 21:18:38 com_github_MitjaNemec_ReplicateLayout.replicate_layout 472:constructing a list of sheets suitable for replication on level:'/cell_filt1/', file:'cell_filt.kicad_sch'
05-15 21:18:38 com_github_MitjaNemec_ReplicateLayout.replicate_layout 509:suitable sheets are:[['/cell_filt10/'], ['/cell_filt11/'], ['/cell_filt12/'], ['/cell_filt13/'], ['/cell_filt14/'], ['/cell_filt15/'], ['/cell_filt2/'], ['/cell_filt3/'], ['/cell_filt4/'], ['/cell_filt5/'], ['/cell_filt6/'], ['/cell_filt7/'], ['/cell_filt8/'], ['/cell_filt9/']]
05-15 21:18:38 com_github_MitjaNemec_ReplicateLayout.replicate_layout 1507:Level selected: ['/cell_filt1/']
05-15 21:18:38 com_github_MitjaNemec_ReplicateLayout.replicate_layout 1331:Filtering list of tracks
05-15 21:18:38 com_github_MitjaNemec_ReplicateLayout.action_replicate_layout 510:Toolbar position: wx.Point(3816, 2237)
05-15 21:18:38 com_github_MitjaNemec_ReplicateLayout.action_replicate_layout 515:Dialog position: wx.Point(3377, 2237)
05-15 21:18:40 com_github_MitjaNemec_ReplicateLayout.replicate_layout 472:constructing a list of sheets suitable for replication on level:'/cell_filt1/', file:'cell_filt.kicad_sch'
05-15 21:18:40 com_github_MitjaNemec_ReplicateLayout.replicate_layout 509:suitable sheets are:[['/cell_filt10/'], ['/cell_filt11/'], ['/cell_filt12/'], ['/cell_filt13/'], ['/cell_filt14/'], ['/cell_filt15/'], ['/cell_filt2/'], ['/cell_filt3/'], ['/cell_filt4/'], ['/cell_filt5/'], ['/cell_filt6/'], ['/cell_filt7/'], ['/cell_filt8/'], ['/cell_filt9/']]
05-15 21:18:40 com_github_MitjaNemec_ReplicateLayout.replicate_layout 1507:Level selected: ['/cell_filt1/']
05-15 21:18:40 com_github_MitjaNemec_ReplicateLayout.replicate_layout 472:constructing a list of sheets suitable for replication on level:'/cell_filt1/', file:'cell_filt.kicad_sch'
05-15 21:18:40 com_github_MitjaNemec_ReplicateLayout.replicate_layout 509:suitable sheets are:[['/cell_filt10/'], ['/cell_filt11/'], ['/cell_filt12/'], ['/cell_filt13/'], ['/cell_filt14/'], ['/cell_filt15/'], ['/cell_filt2/'], ['/cell_filt3/'], ['/cell_filt4/'], ['/cell_filt5/'], ['/cell_filt6/'], ['/cell_filt7/'], ['/cell_filt8/'], ['/cell_filt9/']]
05-15 21:18:41 com_github_MitjaNemec_ReplicateLayout.replicate_layout 1507:Level selected: ['/cell_filt1/']
05-15 21:18:41 com_github_MitjaNemec_ReplicateLayout.replicate_layout 472:constructing a list of sheets suitable for replication on level:'/cell_filt1/', file:'cell_filt.kicad_sch'
05-15 21:18:41 com_github_MitjaNemec_ReplicateLayout.replicate_layout 509:suitable sheets are:[['/cell_filt10/'], ['/cell_filt11/'], ['/cell_filt12/'], ['/cell_filt13/'], ['/cell_filt14/'], ['/cell_filt15/'], ['/cell_filt2/'], ['/cell_filt3/'], ['/cell_filt4/'], ['/cell_filt5/'], ['/cell_filt6/'], ['/cell_filt7/'], ['/cell_filt8/'], ['/cell_filt9/']]
05-15 21:18:41 com_github_MitjaNemec_ReplicateLayout.replicate_layout 1507:Level selected: ['/cell_filt1/']
05-15 21:18:42 com_github_MitjaNemec_ReplicateLayout.replicate_layout 472:constructing a list of sheets suitable for replication on level:'/cell_filt1/', file:'cell_filt.kicad_sch'
05-15 21:18:42 com_github_MitjaNemec_ReplicateLayout.replicate_layout 509:suitable sheets are:[['/cell_filt10/'], ['/cell_filt11/'], ['/cell_filt12/'], ['/cell_filt13/'], ['/cell_filt14/'], ['/cell_filt15/'], ['/cell_filt2/'], ['/cell_filt3/'], ['/cell_filt4/'], ['/cell_filt5/'], ['/cell_filt6/'], ['/cell_filt7/'], ['/cell_filt8/'], ['/cell_filt9/']]
05-15 21:18:42 com_github_MitjaNemec_ReplicateLayout.replicate_layout 1507:Level selected: ['/cell_filt1/']
05-15 21:18:45 com_github_MitjaNemec_ReplicateLayout.replicate_layout 472:constructing a list of sheets suitable for replication on level:'/cell_filt1/', file:'cell_filt.kicad_sch'
05-15 21:18:45 com_github_MitjaNemec_ReplicateLayout.replicate_layout 509:suitable sheets are:[['/cell_filt10/'], ['/cell_filt11/'], ['/cell_filt12/'], ['/cell_filt13/'], ['/cell_filt14/'], ['/cell_filt15/'], ['/cell_filt2/'], ['/cell_filt3/'], ['/cell_filt4/'], ['/cell_filt5/'], ['/cell_filt6/'], ['/cell_filt7/'], ['/cell_filt8/'], ['/cell_filt9/']]
05-15 21:18:45 com_github_MitjaNemec_ReplicateLayout.action_replicate_layout 248:Replicating layout
05-15 21:18:45 com_github_MitjaNemec_ReplicateLayout.replicate_layout 288:Starting replication of sheets: [['/cell_filt10/'], ['/cell_filt11/'], ['/cell_filt12/'], ['/cell_filt13/'], ['/cell_filt14/'], ['/cell_filt15/'], ['/cell_filt2/'], ['/cell_filt3/'], ['/cell_filt4/'], ['/cell_filt5/'], ['/cell_filt6/'], ['/cell_filt7/'], ['/cell_filt8/'], ['/cell_filt9/']]
on level: ['/cell_filt1/']
with tracks=False, zone=False, text=False, text=False, intersecting=False, remove=False, locked footprints=False, group_only=False
05-15 21:18:45 root 340:updating GUI message: 'Preparing for replication'
05-15 21:18:45 root 345:updating GUI with: 0
05-15 21:18:45 com_github_MitjaNemec_ReplicateLayout.replicate_layout 358:Getting the list of source footprints
05-15 21:18:45 com_github_MitjaNemec_ReplicateLayout.replicate_layout 368:Getting the list of all the remaining footprints
05-15 21:18:45 com_github_MitjaNemec_ReplicateLayout.replicate_layout 375:Getting source tracks
05-15 21:18:45 com_github_MitjaNemec_ReplicateLayout.replicate_layout 1331:Filtering list of tracks
05-15 21:18:45 com_github_MitjaNemec_ReplicateLayout.replicate_layout 379:Getting source zones
05-15 21:18:45 com_github_MitjaNemec_ReplicateLayout.replicate_layout 383:Getting source text items
05-15 21:18:45 root 345:updating GUI with: 66
05-15 21:18:45 com_github_MitjaNemec_ReplicateLayout.replicate_layout 387:Getting source drawing items
05-15 21:18:45 root 340:updating GUI message: 'Replicating footprints'
05-15 21:18:45 com_github_MitjaNemec_ReplicateLayout.replicate_layout 861:Replicating footprints
05-15 21:18:45 com_github_MitjaNemec_ReplicateLayout.replicate_layout 868:Replicating footprints on sheet ['/cell_filt10/']
05-15 21:18:45 com_github_MitjaNemec_ReplicateLayout.replicate_layout 985:Src text UUid:ec187bef-1e75-4ef1-9a40-0c798ee77ca9
05-15 21:18:45 com_github_MitjaNemec_ReplicateLayout.replicate_layout 986:Dst text UUid:1cdd1cd6-48df-4bf3-9785-be06b1639e4c
05-15 21:18:45 com_github_MitjaNemec_ReplicateLayout.replicate_layout 985:Src text UUid:187881a8-6a86-4971-80b2-467377d433e5
05-15 21:18:45 com_github_MitjaNemec_ReplicateLayout.replicate_layout 986:Dst text UUid:f92ea523-886c-49e3-9bb2-fa2103106522
05-15 21:18:45 com_github_MitjaNemec_ReplicateLayout.replicate_layout 985:Src text UUid:86f677aa-3768-422a-8159-5d03fce9fdcf
05-15 21:18:45 com_github_MitjaNemec_ReplicateLayout.replicate_layout 986:Dst text UUid:e64bebd8-c87b-4626-9160-634b470fc784
05-15 21:18:45 root 345:updating GUI with: 3
05-15 21:18:45 com_github_MitjaNemec_ReplicateLayout.replicate_layout 985:Src text UUid:01f6e289-a51b-472c-aec3-827bfd9c9d9d
05-15 21:18:45 com_github_MitjaNemec_ReplicateLayout.replicate_layout 986:Dst text UUid:ecf6d8ec-def7-44c0-a25b-a38803f0b368
05-15 21:18:45 com_github_MitjaNemec_ReplicateLayout.replicate_layout 985:Src text UUid:fb0133e6-710c-41e5-ab1f-2c5f425d0e51
05-15 21:18:45 com_github_MitjaNemec_ReplicateLayout.replicate_layout 986:Dst text UUid:fc5800a1-3015-4864-92de-12b8d85a5609
05-15 21:18:45 com_github_MitjaNemec_ReplicateLayout.replicate_layout 985:Src text UUid:87a791fe-9541-44cc-bd5b-96aee305f47d
05-15 21:18:45 com_github_MitjaNemec_ReplicateLayout.replicate_layout 986:Dst text UUid:227fc193-0cfa-49c6-af7c-b603e29c471f
05-15 21:18:45 com_github_MitjaNemec_ReplicateLayout.replicate_layout 985:Src text UUid:3c1bfea1-92e6-4289-883e-e13964559222
05-15 21:18:45 com_github_MitjaNemec_ReplicateLayout.replicate_layout 986:Dst text UUid:0d574f1e-7a5a-4004-972d-8757db901830
05-15 21:18:45 com_github_MitjaNemec_ReplicateLayout.replicate_layout 985:Src text UUid:18f8e835-b483-4605-8701-34df6abb7c92
05-15 21:18:45 com_github_MitjaNemec_ReplicateLayout.replicate_layout 986:Dst text UUid:aa1a838c-331a-43b0-b628-4b88845bea4d
05-15 21:18:45 com_github_MitjaNemec_ReplicateLayout.replicate_layout 985:Src text UUid:6fefd183-bac4-4ebb-a456-8306feb951cc
05-15 21:18:45 com_github_MitjaNemec_ReplicateLayout.replicate_layout 986:Dst text UUid:101a15a1-f7b1-40cc-96b6-3b823c07afa3
05-15 21:18:45 com_github_MitjaNemec_ReplicateLayout.replicate_layout 985:Src text UUid:f45868d1-9352-4f2a-8146-04ca236dabf6
05-15 21:18:45 com_github_MitjaNemec_ReplicateLayout.replicate_layout 986:Dst text UUid:762b01d1-ac09-474c-ae17-b0b63e7a4f5a
05-15 21:18:45 com_github_MitjaNemec_ReplicateLayout.replicate_layout 985:Src text UUid:4da0fe3d-f5a9-4ded-ac77-31d6a460bc10
05-15 21:18:45 com_github_MitjaNemec_ReplicateLayout.replicate_layout 986:Dst text UUid:15fc49ee-7cc7-4035-a553-c1334d06500b
05-15 21:18:45 com_github_MitjaNemec_ReplicateLayout.replicate_layout 985:Src text UUid:14f44622-7d9e-4759-97e3-17e62faf05cd
05-15 21:18:45 com_github_MitjaNemec_ReplicateLayout.replicate_layout 986:Dst text UUid:3972e78b-468e-4bb1-84e2-8329c2a47f23
05-15 21:18:45 com_github_MitjaNemec_ReplicateLayout.replicate_layout 868:Replicating footprints on sheet ['/cell_filt11/']
05-15 21:18:45 com_github_MitjaNemec_ReplicateLayout.replicate_layout 985:Src text UUid:ec187bef-1e75-4ef1-9a40-0c798ee77ca9
05-15 21:18:45 com_github_MitjaNemec_ReplicateLayout.replicate_layout 986:Dst text UUid:ada49474-46eb-4ebe-9501-7c737ce478fa
05-15 21:18:45 com_github_MitjaNemec_ReplicateLayout.replicate_layout 985:Src text UUid:187881a8-6a86-4971-80b2-467377d433e5
05-15 21:18:45 com_github_MitjaNemec_ReplicateLayout.replicate_layout 986:Dst text UUid:3e1f2585-9495-442c-a3a7-6431b005be7e
05-15 21:18:45 com_github_MitjaNemec_ReplicateLayout.replicate_layout 985:Src text UUid:86f677aa-3768-422a-8159-5d03fce9fdcf
05-15 21:18:45 com_github_MitjaNemec_ReplicateLayout.replicate_layout 986:Dst text UUid:149c230f-db14-4472-8ba3-5b48fbe9da29
05-15 21:18:45 com_github_MitjaNemec_ReplicateLayout.replicate_layout 985:Src text UUid:01f6e289-a51b-472c-aec3-827bfd9c9d9d
05-15 21:18:45 com_github_MitjaNemec_ReplicateLayout.replicate_layout 986:Dst text UUid:1f585424-5cca-4acf-b029-d7d48f636686
05-15 21:18:45 com_github_MitjaNemec_ReplicateLayout.replicate_layout 985:Src text UUid:fb0133e6-710c-41e5-ab1f-2c5f425d0e51
05-15 21:18:45 com_github_MitjaNemec_ReplicateLayout.replicate_layout 986:Dst text UUid:86ade03c-3166-43ef-874e-166bd16deadd
05-15 21:18:45 com_github_MitjaNemec_ReplicateLayout.replicate_layout 985:Src text UUid:87a791fe-9541-44cc-bd5b-96aee305f47d
05-15 21:18:45 com_github_MitjaNemec_ReplicateLayout.replicate_layout 986:Dst text UUid:35c11078-eb91-4733-b6ca-4844dbbab4ed
05-15 21:18:45 com_github_MitjaNemec_ReplicateLayout.replicate_layout 985:Src text UUid:3c1bfea1-92e6-4289-883e-e13964559222
05-15 21:18:45 com_github_MitjaNemec_ReplicateLayout.replicate_layout 986:Dst text UUid:c7c54388-1fd2-4a4c-9611-8020cc9192ac
05-15 21:18:45 com_github_MitjaNemec_ReplicateLayout.replicate_layout 985:Src text UUid:18f8e835-b483-4605-8701-34df6abb7c92
05-15 21:18:45 com_github_MitjaNemec_ReplicateLayout.replicate_layout 986:Dst text UUid:1b071a4b-acb7-4bd9-a984-8dce9449706d
05-15 21:18:45 com_github_MitjaNemec_ReplicateLayout.replicate_layout 985:Src text UUid:6fefd183-bac4-4ebb-a456-8306feb951cc
05-15 21:18:45 com_github_MitjaNemec_ReplicateLayout.replicate_layout 986:Dst text UUid:7c12cebb-e043-4c69-9172-2ae4fe9eef2e
05-15 21:18:45 com_github_MitjaNemec_ReplicateLayout.replicate_layout 985:Src text UUid:f45868d1-9352-4f2a-8146-04ca236dabf6
05-15 21:18:45 com_github_MitjaNemec_ReplicateLayout.replicate_layout 986:Dst text UUid:af35544b-a302-4a48-bd5e-630eb0f63799
05-15 21:18:45 com_github_MitjaNemec_ReplicateLayout.replicate_layout 985:Src text UUid:4da0fe3d-f5a9-4ded-ac77-31d6a460bc10
05-15 21:18:45 com_github_MitjaNemec_ReplicateLayout.replicate_layout 986:Dst text UUid:e4f2bcdf-b415-4373-99f9-d831f2134eb9
05-15 21:18:45 com_github_MitjaNemec_ReplicateLayout.replicate_layout 985:Src text UUid:14f44622-7d9e-4759-97e3-17e62faf05cd
05-15 21:18:45 com_github_MitjaNemec_ReplicateLayout.replicate_layout 986:Dst text UUid:5713a27b-d56a-4225-8eaa-2f7afac5f686
05-15 21:18:45 com_github_MitjaNemec_ReplicateLayout.replicate_layout 868:Replicating footprints on sheet ['/cell_filt12/']
05-15 21:18:45 com_github_MitjaNemec_ReplicateLayout.replicate_layout 985:Src text UUid:ec187bef-1e75-4ef1-9a40-0c798ee77ca9
05-15 21:18:45 com_github_MitjaNemec_ReplicateLayout.replicate_layout 986:Dst text UUid:beff47c2-c7f3-47b8-95c0-06a5ea4a72f3
05-15 21:18:45 com_github_MitjaNemec_ReplicateLayout.replicate_layout 985:Src text UUid:187881a8-6a86-4971-80b2-467377d433e5
05-15 21:18:45 com_github_MitjaNemec_ReplicateLayout.replicate_layout 986:Dst text UUid:6bee0a54-7834-4e67-9b39-9a2835c719d5
05-15 21:18:45 com_github_MitjaNemec_ReplicateLayout.replicate_layout 985:Src text UUid:86f677aa-3768-422a-8159-5d03fce9fdcf
05-15 21:18:45 com_github_MitjaNemec_ReplicateLayout.replicate_layout 986:Dst text UUid:df585593-7e5e-45d0-955c-504af8ba0adc
05-15 21:18:45 com_github_MitjaNemec_ReplicateLayout.replicate_layout 985:Src text UUid:01f6e289-a51b-472c-aec3-827bfd9c9d9d
05-15 21:18:45 com_github_MitjaNemec_ReplicateLayout.replicate_layout 986:Dst text UUid:f7177ae4-af3b-4286-8275-278ad74ece56
05-15 21:18:45 com_github_MitjaNemec_ReplicateLayout.replicate_layout 985:Src text UUid:fb0133e6-710c-41e5-ab1f-2c5f425d0e51
05-15 21:18:45 com_github_MitjaNemec_ReplicateLayout.replicate_layout 986:Dst text UUid:c288f179-d740-429e-bb60-85fb24da5107
05-15 21:18:45 com_github_MitjaNemec_ReplicateLayout.replicate_layout 985:Src text UUid:87a791fe-9541-44cc-bd5b-96aee305f47d
05-15 21:18:45 com_github_MitjaNemec_ReplicateLayout.replicate_layout 986:Dst text UUid:359579b4-3651-4320-95a5-cf41061df99d
05-15 21:18:45 com_github_MitjaNemec_ReplicateLayout.replicate_layout 985:Src text UUid:3c1bfea1-92e6-4289-883e-e13964559222
05-15 21:18:45 com_github_MitjaNemec_ReplicateLayout.replicate_layout 986:Dst text UUid:5efa0ad1-27af-4e47-b016-da14deb65676
05-15 21:18:45 com_github_MitjaNemec_ReplicateLayout.replicate_layout 985:Src text UUid:18f8e835-b483-4605-8701-34df6abb7c92
05-15 21:18:45 com_github_MitjaNemec_ReplicateLayout.replicate_layout 986:Dst text UUid:e96ef2e4-44b4-4a35-b4f0-e9be986caa42
05-15 21:18:45 com_github_MitjaNemec_ReplicateLayout.replicate_layout 985:Src text UUid:6fefd183-bac4-4ebb-a456-8306feb951cc
05-15 21:18:45 com_github_MitjaNemec_ReplicateLayout.replicate_layout 986:Dst text UUid:20a7f596-3cee-46ff-89b3-2fe9b97b860c
05-15 21:18:45 com_github_MitjaNemec_ReplicateLayout.replicate_layout 985:Src text UUid:f45868d1-9352-4f2a-8146-04ca236dabf6
05-15 21:18:45 com_github_MitjaNemec_ReplicateLayout.replicate_layout 986:Dst text UUid:0501fa26-a013-4a24-935f-353a8ce00200
05-15 21:18:45 com_github_MitjaNemec_ReplicateLayout.replicate_layout 985:Src text UUid:4da0fe3d-f5a9-4ded-ac77-31d6a460bc10
05-15 21:18:45 com_github_MitjaNemec_ReplicateLayout.replicate_layout 986:Dst text UUid:f6f6c592-bbb0-4466-8754-f74a0c88c3b2
05-15 21:18:45 com_github_MitjaNemec_ReplicateLayout.replicate_layout 985:Src text UUid:14f44622-7d9e-4759-97e3-17e62faf05cd
05-15 21:18:45 com_github_MitjaNemec_ReplicateLayout.replicate_layout 986:Dst text UUid:59632674-7f8c-47db-b048-d666fccfc1fd
05-15 21:18:45 com_github_MitjaNemec_ReplicateLayout.replicate_layout 868:Replicating footprints on sheet ['/cell_filt13/']
05-15 21:18:45 com_github_MitjaNemec_ReplicateLayout.replicate_layout 985:Src text UUid:ec187bef-1e75-4ef1-9a40-0c798ee77ca9
05-15 21:18:45 com_github_MitjaNemec_ReplicateLayout.replicate_layout 986:Dst text UUid:7c1c4079-7dbf-464a-9b38-67a2f9359a6b
05-15 21:18:45 com_github_MitjaNemec_ReplicateLayout.replicate_layout 985:Src text UUid:187881a8-6a86-4971-80b2-467377d433e5
05-15 21:18:45 com_github_MitjaNemec_ReplicateLayout.replicate_layout 986:Dst text UUid:e48cced5-af5b-4287-a95c-f6f9fff44464
05-15 21:18:45 com_github_MitjaNemec_ReplicateLayout.replicate_layout 985:Src text UUid:86f677aa-3768-422a-8159-5d03fce9fdcf
05-15 21:18:45 com_github_MitjaNemec_ReplicateLayout.replicate_layout 986:Dst text UUid:20880a96-c5e8-4a9e-abdc-54df776d1f23
05-15 21:18:45 com_github_MitjaNemec_ReplicateLayout.replicate_layout 985:Src text UUid:01f6e289-a51b-472c-aec3-827bfd9c9d9d
05-15 21:18:45 com_github_MitjaNemec_ReplicateLayout.replicate_layout 986:Dst text UUid:64b942ac-277e-4d17-ad21-683dd5d7f551
05-15 21:18:45 com_github_MitjaNemec_ReplicateLayout.replicate_layout 985:Src text UUid:fb0133e6-710c-41e5-ab1f-2c5f425d0e51
05-15 21:18:45 com_github_MitjaNemec_ReplicateLayout.replicate_layout 986:Dst text UUid:7ea2497f-641e-40f7-8b02-2a360875f206
05-15 21:18:45 com_github_MitjaNemec_ReplicateLayout.replicate_layout 985:Src text UUid:87a791fe-9541-44cc-bd5b-96aee305f47d
05-15 21:18:45 com_github_MitjaNemec_ReplicateLayout.replicate_layout 986:Dst text UUid:a295c3f1-b76e-435f-8c1f-98c9256ea046
05-15 21:18:45 com_github_MitjaNemec_ReplicateLayout.replicate_layout 985:Src text UUid:3c1bfea1-92e6-4289-883e-e13964559222
05-15 21:18:45 com_github_MitjaNemec_ReplicateLayout.replicate_layout 986:Dst text UUid:55bcee22-9bc0-4c23-81d9-a3da8f091804
05-15 21:18:45 com_github_MitjaNemec_ReplicateLayout.replicate_layout 985:Src text UUid:18f8e835-b483-4605-8701-34df6abb7c92
05-15 21:18:45 com_github_MitjaNemec_ReplicateLayout.replicate_layout 986:Dst text UUid:d8e00276-59f2-41dc-85c3-23b109a93226
05-15 21:18:45 com_github_MitjaNemec_ReplicateLayout.replicate_layout 985:Src text UUid:6fefd183-bac4-4ebb-a456-8306feb951cc
05-15 21:18:45 com_github_MitjaNemec_ReplicateLayout.replicate_layout 986:Dst text UUid:ba5fec65-4910-4d69-914e-25d704ae7bc1
05-15 21:18:45 com_github_MitjaNemec_ReplicateLayout.replicate_layout 985:Src text UUid:f45868d1-9352-4f2a-8146-04ca236dabf6
05-15 21:18:45 com_github_MitjaNemec_ReplicateLayout.replicate_layout 986:Dst text UUid:bd08cccd-54d1-47a0-ad3a-27c94222ad89
05-15 21:18:45 com_github_MitjaNemec_ReplicateLayout.replicate_layout 985:Src text UUid:4da0fe3d-f5a9-4ded-ac77-31d6a460bc10
05-15 21:18:45 com_github_MitjaNemec_ReplicateLayout.replicate_layout 986:Dst text UUid:d9a5971e-49bd-4257-afae-433afbfbbedf
05-15 21:18:45 com_github_MitjaNemec_ReplicateLayout.replicate_layout 985:Src text UUid:14f44622-7d9e-4759-97e3-17e62faf05cd
05-15 21:18:45 com_github_MitjaNemec_ReplicateLayout.replicate_layout 986:Dst text UUid:f07b2e5e-2106-4cdc-a8b2-0f2b9008fa5e
05-15 21:18:45 com_github_MitjaNemec_ReplicateLayout.replicate_layout 868:Replicating footprints on sheet ['/cell_filt14/']
05-15 21:18:45 com_github_MitjaNemec_ReplicateLayout.replicate_layout 985:Src text UUid:ec187bef-1e75-4ef1-9a40-0c798ee77ca9
05-15 21:18:45 com_github_MitjaNemec_ReplicateLayout.replicate_layout 986:Dst text UUid:d6978ac1-9741-403a-8fd5-b1c5d7c83f88
05-15 21:18:45 com_github_MitjaNemec_ReplicateLayout.replicate_layout 985:Src text UUid:187881a8-6a86-4971-80b2-467377d433e5
05-15 21:18:45 com_github_MitjaNemec_ReplicateLayout.replicate_layout 986:Dst text UUid:08af42db-98a5-4633-a88a-6b5719680df0
05-15 21:18:45 com_github_MitjaNemec_ReplicateLayout.replicate_layout 985:Src text UUid:86f677aa-3768-422a-8159-5d03fce9fdcf
05-15 21:18:45 com_github_MitjaNemec_ReplicateLayout.replicate_layout 986:Dst text UUid:a3e2e307-d344-4965-9153-7ba4b1154327
05-15 21:18:45 com_github_MitjaNemec_ReplicateLayout.replicate_layout 985:Src text UUid:01f6e289-a51b-472c-aec3-827bfd9c9d9d
05-15 21:18:45 com_github_MitjaNemec_ReplicateLayout.replicate_layout 986:Dst text UUid:963cf4c3-0548-4acf-bc23-f5a1ec06e43e
05-15 21:18:45 com_github_MitjaNemec_ReplicateLayout.replicate_layout 985:Src text UUid:fb0133e6-710c-41e5-ab1f-2c5f425d0e51
05-15 21:18:45 com_github_MitjaNemec_ReplicateLayout.replicate_layout 986:Dst text UUid:296fd02d-71a0-46f7-953f-883c1289a59f
05-15 21:18:45 com_github_MitjaNemec_ReplicateLayout.replicate_layout 985:Src text UUid:87a791fe-9541-44cc-bd5b-96aee305f47d
05-15 21:18:45 com_github_MitjaNemec_ReplicateLayout.replicate_layout 986:Dst text UUid:01ec1151-12b5-4468-a1d8-5729a7e81038
05-15 21:18:45 com_github_MitjaNemec_ReplicateLayout.replicate_layout 985:Src text UUid:3c1bfea1-92e6-4289-883e-e13964559222
05-15 21:18:45 com_github_MitjaNemec_ReplicateLayout.replicate_layout 986:Dst text UUid:4ee2ea6c-f723-4fc4-9705-b6a89bacc682
05-15 21:18:45 com_github_MitjaNemec_ReplicateLayout.replicate_layout 985:Src text UUid:18f8e835-b483-4605-8701-34df6abb7c92
05-15 21:18:45 com_github_MitjaNemec_ReplicateLayout.replicate_layout 986:Dst text UUid:737f89fb-3c6d-4c9b-947a-364353ab10d6
05-15 21:18:45 com_github_MitjaNemec_ReplicateLayout.replicate_layout 985:Src text UUid:6fefd183-bac4-4ebb-a456-8306feb951cc
05-15 21:18:45 com_github_MitjaNemec_ReplicateLayout.replicate_layout 986:Dst text UUid:beca0592-9267-41f8-a07c-0b31116de655
05-15 21:18:45 com_github_MitjaNemec_ReplicateLayout.replicate_layout 985:Src text UUid:f45868d1-9352-4f2a-8146-04ca236dabf6
05-15 21:18:45 com_github_MitjaNemec_ReplicateLayout.replicate_layout 986:Dst text UUid:420d12a8-a936-4a7f-9378-f521ff2ee431
05-15 21:18:45 com_github_MitjaNemec_ReplicateLayout.replicate_layout 985:Src text UUid:4da0fe3d-f5a9-4ded-ac77-31d6a460bc10
05-15 21:18:45 com_github_MitjaNemec_ReplicateLayout.replicate_layout 986:Dst text UUid:7f601eee-df8d-4e3d-aab7-f23391d0bc03
05-15 21:18:45 com_github_MitjaNemec_ReplicateLayout.replicate_layout 985:Src text UUid:14f44622-7d9e-4759-97e3-17e62faf05cd
05-15 21:18:45 com_github_MitjaNemec_ReplicateLayout.replicate_layout 986:Dst text UUid:7f64b1db-c73e-4545-b844-199d9e1fe47b
05-15 21:18:45 com_github_MitjaNemec_ReplicateLayout.replicate_layout 868:Replicating footprints on sheet ['/cell_filt15/']
05-15 21:18:45 com_github_MitjaNemec_ReplicateLayout.replicate_layout 985:Src text UUid:ec187bef-1e75-4ef1-9a40-0c798ee77ca9
05-15 21:18:45 com_github_MitjaNemec_ReplicateLayout.replicate_layout 986:Dst text UUid:0ae1fcc5-c691-4e75-a7c7-d33e3771e632
05-15 21:18:45 com_github_MitjaNemec_ReplicateLayout.replicate_layout 985:Src text UUid:187881a8-6a86-4971-80b2-467377d433e5
05-15 21:18:45 com_github_MitjaNemec_ReplicateLayout.replicate_layout 986:Dst text UUid:39756e25-045e-4ad0-a1eb-f73144e38dc7
05-15 21:18:45 com_github_MitjaNemec_ReplicateLayout.replicate_layout 985:Src text UUid:86f677aa-3768-422a-8159-5d03fce9fdcf
05-15 21:18:45 com_github_MitjaNemec_ReplicateLayout.replicate_layout 986:Dst text UUid:3d8b87af-7ca4-4055-b75d-d45a0b1499ae
05-15 21:18:45 com_github_MitjaNemec_ReplicateLayout.replicate_layout 985:Src text UUid:01f6e289-a51b-472c-aec3-827bfd9c9d9d
05-15 21:18:45 com_github_MitjaNemec_ReplicateLayout.replicate_layout 986:Dst text UUid:969cb887-e083-4422-ab59-a59f221967d3
05-15 21:18:45 com_github_MitjaNemec_ReplicateLayout.replicate_layout 985:Src text UUid:fb0133e6-710c-41e5-ab1f-2c5f425d0e51
05-15 21:18:45 com_github_MitjaNemec_ReplicateLayout.replicate_layout 986:Dst text UUid:c2cbade3-089e-453c-8dd0-1d693c22c479
05-15 21:18:45 com_github_MitjaNemec_ReplicateLayout.replicate_layout 985:Src text UUid:87a791fe-9541-44cc-bd5b-96aee305f47d
05-15 21:18:45 com_github_MitjaNemec_ReplicateLayout.replicate_layout 986:Dst text UUid:11e62aee-8240-409d-8bab-1e0156ec6663
05-15 21:18:45 com_github_MitjaNemec_ReplicateLayout.replicate_layout 985:Src text UUid:3c1bfea1-92e6-4289-883e-e13964559222
05-15 21:18:45 com_github_MitjaNemec_ReplicateLayout.replicate_layout 986:Dst text UUid:26b0fe79-ef08-4b3b-8649-6f7df0a8cd59
05-15 21:18:45 com_github_MitjaNemec_ReplicateLayout.replicate_layout 985:Src text UUid:18f8e835-b483-4605-8701-34df6abb7c92
05-15 21:18:45 com_github_MitjaNemec_ReplicateLayout.replicate_layout 986:Dst text UUid:2ac0367a-f5f6-4811-996f-1c2e3b42f58f
05-15 21:18:45 com_github_MitjaNemec_ReplicateLayout.replicate_layout 985:Src text UUid:6fefd183-bac4-4ebb-a456-8306feb951cc
05-15 21:18:45 com_github_MitjaNemec_ReplicateLayout.replicate_layout 986:Dst text UUid:341759cd-91d3-4dcb-b54b-50f495b2e51c
05-15 21:18:45 com_github_MitjaNemec_ReplicateLayout.replicate_layout 985:Src text UUid:f45868d1-9352-4f2a-8146-04ca236dabf6
05-15 21:18:45 com_github_MitjaNemec_ReplicateLayout.replicate_layout 986:Dst text UUid:397afadd-e433-4c6d-b699-b5bf2cdc278f
05-15 21:18:45 com_github_MitjaNemec_ReplicateLayout.replicate_layout 985:Src text UUid:4da0fe3d-f5a9-4ded-ac77-31d6a460bc10
05-15 21:18:45 com_github_MitjaNemec_ReplicateLayout.replicate_layout 986:Dst text UUid:208b5672-a529-46c8-86d1-20a24b4b7a20
05-15 21:18:45 com_github_MitjaNemec_ReplicateLayout.replicate_layout 985:Src text UUid:14f44622-7d9e-4759-97e3-17e62faf05cd
05-15 21:18:45 com_github_MitjaNemec_ReplicateLayout.replicate_layout 986:Dst text UUid:b7158f5c-90ff-4391-8613-d9979d4a0011
05-15 21:18:45 root 345:updating GUI with: 42
05-15 21:18:45 com_github_MitjaNemec_ReplicateLayout.replicate_layout 868:Replicating footprints on sheet ['/cell_filt2/']
05-15 21:18:45 com_github_MitjaNemec_ReplicateLayout.replicate_layout 985:Src text UUid:ec187bef-1e75-4ef1-9a40-0c798ee77ca9
05-15 21:18:45 com_github_MitjaNemec_ReplicateLayout.replicate_layout 986:Dst text UUid:e706eb2c-160f-4f20-b5f0-cfc27702d092
05-15 21:18:45 com_github_MitjaNemec_ReplicateLayout.replicate_layout 985:Src text UUid:187881a8-6a86-4971-80b2-467377d433e5
05-15 21:18:45 com_github_MitjaNemec_ReplicateLayout.replicate_layout 986:Dst text UUid:be12caf1-18c6-4fc3-a23e-6d70e4bb5339
05-15 21:18:45 com_github_MitjaNemec_ReplicateLayout.replicate_layout 985:Src text UUid:86f677aa-3768-422a-8159-5d03fce9fdcf
05-15 21:18:45 com_github_MitjaNemec_ReplicateLayout.replicate_layout 986:Dst text UUid:3d4dfd91-24bf-4faa-984f-5e1944ac1279
05-15 21:18:45 com_github_MitjaNemec_ReplicateLayout.replicate_layout 985:Src text UUid:01f6e289-a51b-472c-aec3-827bfd9c9d9d
05-15 21:18:45 com_github_MitjaNemec_ReplicateLayout.replicate_layout 986:Dst text UUid:5e78882a-40cf-4540-ac7e-2e1c1801363a
05-15 21:18:45 com_github_MitjaNemec_ReplicateLayout.replicate_layout 985:Src text UUid:fb0133e6-710c-41e5-ab1f-2c5f425d0e51
05-15 21:18:45 com_github_MitjaNemec_ReplicateLayout.replicate_layout 986:Dst text UUid:91fa9ee1-c89c-4fd5-aaae-9377d9f8b06f
05-15 21:18:45 com_github_MitjaNemec_ReplicateLayout.replicate_layout 985:Src text UUid:87a791fe-9541-44cc-bd5b-96aee305f47d
05-15 21:18:45 com_github_MitjaNemec_ReplicateLayout.replicate_layout 986:Dst text UUid:4ba7ae1e-0e93-481a-9fa5-c57a13c888b8
05-15 21:18:45 com_github_MitjaNemec_ReplicateLayout.replicate_layout 985:Src text UUid:3c1bfea1-92e6-4289-883e-e13964559222
05-15 21:18:45 com_github_MitjaNemec_ReplicateLayout.replicate_layout 986:Dst text UUid:a46a1ce9-0ab7-4f8a-a38b-f3701fa34781
05-15 21:18:45 com_github_MitjaNemec_ReplicateLayout.replicate_layout 985:Src text UUid:18f8e835-b483-4605-8701-34df6abb7c92
05-15 21:18:45 com_github_MitjaNemec_ReplicateLayout.replicate_layout 986:Dst text UUid:09e355fe-c4d1-40bc-b5f2-77589cbfa71c
05-15 21:18:45 com_github_MitjaNemec_ReplicateLayout.replicate_layout 985:Src text UUid:6fefd183-bac4-4ebb-a456-8306feb951cc
05-15 21:18:45 com_github_MitjaNemec_ReplicateLayout.replicate_layout 986:Dst text UUid:21dc568c-8211-4b02-a36b-f468164604c0
05-15 21:18:45 com_github_MitjaNemec_ReplicateLayout.replicate_layout 985:Src text UUid:f45868d1-9352-4f2a-8146-04ca236dabf6
05-15 21:18:45 com_github_MitjaNemec_ReplicateLayout.replicate_layout 986:Dst text UUid:fbada9d1-23dc-49c8-bf3f-78b57d9b5880
05-15 21:18:45 com_github_MitjaNemec_ReplicateLayout.replicate_layout 985:Src text UUid:4da0fe3d-f5a9-4ded-ac77-31d6a460bc10
05-15 21:18:45 com_github_MitjaNemec_ReplicateLayout.replicate_layout 986:Dst text UUid:c9d5b3cf-775e-41d6-8c47-4d1a7245fdf3
05-15 21:18:45 com_github_MitjaNemec_ReplicateLayout.replicate_layout 985:Src text UUid:14f44622-7d9e-4759-97e3-17e62faf05cd
05-15 21:18:45 com_github_MitjaNemec_ReplicateLayout.replicate_layout 986:Dst text UUid:c5c7eda6-f965-4136-975d-82108ff0d410
05-15 21:18:45 com_github_MitjaNemec_ReplicateLayout.replicate_layout 868:Replicating footprints on sheet ['/cell_filt3/']
05-15 21:18:45 com_github_MitjaNemec_ReplicateLayout.replicate_layout 985:Src text UUid:ec187bef-1e75-4ef1-9a40-0c798ee77ca9
05-15 21:18:45 com_github_MitjaNemec_ReplicateLayout.replicate_layout 986:Dst text UUid:5a7419f3-05a1-4541-8eb8-7732bd8985cb
05-15 21:18:45 com_github_MitjaNemec_ReplicateLayout.replicate_layout 985:Src text UUid:187881a8-6a86-4971-80b2-467377d433e5
05-15 21:18:45 com_github_MitjaNemec_ReplicateLayout.replicate_layout 986:Dst text UUid:b720e29c-4ae3-4e28-a77e-9e13c235ff9a
05-15 21:18:45 com_github_MitjaNemec_ReplicateLayout.replicate_layout 985:Src text UUid:86f677aa-3768-422a-8159-5d03fce9fdcf
05-15 21:18:45 com_github_MitjaNemec_ReplicateLayout.replicate_layout 986:Dst text UUid:156adfc8-3b2f-4066-9b3f-e7f47c6c4c30
05-15 21:18:45 com_github_MitjaNemec_ReplicateLayout.replicate_layout 985:Src text UUid:01f6e289-a51b-472c-aec3-827bfd9c9d9d
05-15 21:18:45 com_github_MitjaNemec_ReplicateLayout.replicate_layout 986:Dst text UUid:6ab0649b-5bdc-4d21-9b68-af60f67381ff
05-15 21:18:45 com_github_MitjaNemec_ReplicateLayout.replicate_layout 985:Src text UUid:fb0133e6-710c-41e5-ab1f-2c5f425d0e51
05-15 21:18:45 com_github_MitjaNemec_ReplicateLayout.replicate_layout 986:Dst text UUid:6d38e6ee-7a05-4c50-a237-bca89834e209
05-15 21:18:45 com_github_MitjaNemec_ReplicateLayout.replicate_layout 985:Src text UUid:87a791fe-9541-44cc-bd5b-96aee305f47d
05-15 21:18:45 com_github_MitjaNemec_ReplicateLayout.replicate_layout 986:Dst text UUid:0c5ff9d8-8e88-4b63-b9bb-07504c875d8d
05-15 21:18:45 com_github_MitjaNemec_ReplicateLayout.replicate_layout 985:Src text UUid:3c1bfea1-92e6-4289-883e-e13964559222
05-15 21:18:45 com_github_MitjaNemec_ReplicateLayout.replicate_layout 986:Dst text UUid:84c3bbb6-e600-4d6f-8235-d19a92e12e63
05-15 21:18:45 com_github_MitjaNemec_ReplicateLayout.replicate_layout 985:Src text UUid:18f8e835-b483-4605-8701-34df6abb7c92
05-15 21:18:45 com_github_MitjaNemec_ReplicateLayout.replicate_layout 986:Dst text UUid:e610fda8-da87-489d-b7ce-71989e50d489
05-15 21:18:45 com_github_MitjaNemec_ReplicateLayout.replicate_layout 985:Src text UUid:6fefd183-bac4-4ebb-a456-8306feb951cc
05-15 21:18:45 com_github_MitjaNemec_ReplicateLayout.replicate_layout 986:Dst text UUid:bba37885-0197-452c-9d08-680da1a45c44
05-15 21:18:45 com_github_MitjaNemec_ReplicateLayout.replicate_layout 985:Src text UUid:f45868d1-9352-4f2a-8146-04ca236dabf6
05-15 21:18:45 com_github_MitjaNemec_ReplicateLayout.replicate_layout 986:Dst text UUid:41af6e9d-dbad-4369-841c-438429eac6f7
05-15 21:18:45 com_github_MitjaNemec_ReplicateLayout.replicate_layout 985:Src text UUid:4da0fe3d-f5a9-4ded-ac77-31d6a460bc10
05-15 21:18:45 com_github_MitjaNemec_ReplicateLayout.replicate_layout 986:Dst text UUid:1c0da07f-9dda-4359-9f06-f33336c758c3
05-15 21:18:45 com_github_MitjaNemec_ReplicateLayout.replicate_layout 985:Src text UUid:14f44622-7d9e-4759-97e3-17e62faf05cd
05-15 21:18:45 com_github_MitjaNemec_ReplicateLayout.replicate_layout 986:Dst text UUid:6814d41f-0cef-493e-a090-4560b65b7d95
05-15 21:18:45 com_github_MitjaNemec_ReplicateLayout.replicate_layout 868:Replicating footprints on sheet ['/cell_filt4/']
05-15 21:18:45 com_github_MitjaNemec_ReplicateLayout.replicate_layout 985:Src text UUid:ec187bef-1e75-4ef1-9a40-0c798ee77ca9
05-15 21:18:45 com_github_MitjaNemec_ReplicateLayout.replicate_layout 986:Dst text UUid:95e8ca14-28c0-4845-87c9-47d762f7cb57
05-15 21:18:45 com_github_MitjaNemec_ReplicateLayout.replicate_layout 985:Src text UUid:187881a8-6a86-4971-80b2-467377d433e5
05-15 21:18:45 com_github_MitjaNemec_ReplicateLayout.replicate_layout 986:Dst text UUid:c5ccc1b1-8461-479b-b93d-9b2deff1e689
05-15 21:18:45 com_github_MitjaNemec_ReplicateLayout.replicate_layout 985:Src text UUid:86f677aa-3768-422a-8159-5d03fce9fdcf
05-15 21:18:45 com_github_MitjaNemec_ReplicateLayout.replicate_layout 986:Dst text UUid:c1f702e4-f5d6-4189-8ab5-56fc9687b9f6
05-15 21:18:45 com_github_MitjaNemec_ReplicateLayout.replicate_layout 985:Src text UUid:01f6e289-a51b-472c-aec3-827bfd9c9d9d
05-15 21:18:45 com_github_MitjaNemec_ReplicateLayout.replicate_layout 986:Dst text UUid:04dd750d-6719-43c4-9556-e90a373b3d0c
05-15 21:18:45 com_github_MitjaNemec_ReplicateLayout.replicate_layout 985:Src text UUid:fb0133e6-710c-41e5-ab1f-2c5f425d0e51
05-15 21:18:45 com_github_MitjaNemec_ReplicateLayout.replicate_layout 986:Dst text UUid:a04a8344-ebf9-4844-a767-230fbfd61906
05-15 21:18:45 com_github_MitjaNemec_ReplicateLayout.replicate_layout 985:Src text UUid:87a791fe-9541-44cc-bd5b-96aee305f47d
05-15 21:18:45 com_github_MitjaNemec_ReplicateLayout.replicate_layout 986:Dst text UUid:ecd1b836-a122-4e46-87f1-f7b325f67020
05-15 21:18:45 com_github_MitjaNemec_ReplicateLayout.replicate_layout 985:Src text UUid:3c1bfea1-92e6-4289-883e-e13964559222
05-15 21:18:45 com_github_MitjaNemec_ReplicateLayout.replicate_layout 986:Dst text UUid:0a799b70-0846-41c9-85c5-0878a8ba4099
05-15 21:18:45 com_github_MitjaNemec_ReplicateLayout.replicate_layout 985:Src text UUid:18f8e835-b483-4605-8701-34df6abb7c92
05-15 21:18:45 com_github_MitjaNemec_ReplicateLayout.replicate_layout 986:Dst text UUid:79698640-504e-47ad-81b0-253588cfcfb0
05-15 21:18:45 com_github_MitjaNemec_ReplicateLayout.replicate_layout 985:Src text UUid:6fefd183-bac4-4ebb-a456-8306feb951cc
05-15 21:18:45 com_github_MitjaNemec_ReplicateLayout.replicate_layout 986:Dst text UUid:4c4c5715-38f7-420c-bd9a-b74848645655
05-15 21:18:45 com_github_MitjaNemec_ReplicateLayout.replicate_layout 985:Src text UUid:f45868d1-9352-4f2a-8146-04ca236dabf6
05-15 21:18:45 com_github_MitjaNemec_ReplicateLayout.replicate_layout 986:Dst text UUid:5cfe4fd6-3549-4a1f-8bef-5abab5256055
05-15 21:18:45 com_github_MitjaNemec_ReplicateLayout.replicate_layout 985:Src text UUid:4da0fe3d-f5a9-4ded-ac77-31d6a460bc10
05-15 21:18:45 com_github_MitjaNemec_ReplicateLayout.replicate_layout 986:Dst text UUid:330bb55d-b2c6-4d43-b290-7774a62fa2ca
05-15 21:18:45 com_github_MitjaNemec_ReplicateLayout.replicate_layout 985:Src text UUid:14f44622-7d9e-4759-97e3-17e62faf05cd
05-15 21:18:45 com_github_MitjaNemec_ReplicateLayout.replicate_layout 986:Dst text UUid:281198e7-2619-4001-a116-992ac78b7580
05-15 21:18:45 com_github_MitjaNemec_ReplicateLayout.replicate_layout 868:Replicating footprints on sheet ['/cell_filt5/']
05-15 21:18:45 com_github_MitjaNemec_ReplicateLayout.replicate_layout 985:Src text UUid:ec187bef-1e75-4ef1-9a40-0c798ee77ca9
05-15 21:18:45 com_github_MitjaNemec_ReplicateLayout.replicate_layout 986:Dst text UUid:a75045b0-e74d-4ccd-a8c9-98d7c3a03a0a
05-15 21:18:45 com_github_MitjaNemec_ReplicateLayout.replicate_layout 985:Src text UUid:187881a8-6a86-4971-80b2-467377d433e5
05-15 21:18:45 com_github_MitjaNemec_ReplicateLayout.replicate_layout 986:Dst text UUid:8cc390e0-b9cf-4b27-aadf-1af749e3adee
05-15 21:18:45 com_github_MitjaNemec_ReplicateLayout.replicate_layout 985:Src text UUid:86f677aa-3768-422a-8159-5d03fce9fdcf
05-15 21:18:45 com_github_MitjaNemec_ReplicateLayout.replicate_layout 986:Dst text UUid:eb137bbb-b207-4eb9-8fa5-fc4acb052f36
05-15 21:18:45 com_github_MitjaNemec_ReplicateLayout.replicate_layout 985:Src text UUid:01f6e289-a51b-472c-aec3-827bfd9c9d9d
05-15 21:18:45 com_github_MitjaNemec_ReplicateLayout.replicate_layout 986:Dst text UUid:655cc0cd-792a-4324-a8e0-97108d9bc188
05-15 21:18:45 com_github_MitjaNemec_ReplicateLayout.replicate_layout 985:Src text UUid:fb0133e6-710c-41e5-ab1f-2c5f425d0e51
05-15 21:18:45 com_github_MitjaNemec_ReplicateLayout.replicate_layout 986:Dst text UUid:04faba96-165e-4546-a8ea-271dd4caa55b
05-15 21:18:45 com_github_MitjaNemec_ReplicateLayout.replicate_layout 985:Src text UUid:87a791fe-9541-44cc-bd5b-96aee305f47d
05-15 21:18:45 com_github_MitjaNemec_ReplicateLayout.replicate_layout 986:Dst text UUid:fad12fb8-0777-415d-9b5f-5c73aae33bb9
05-15 21:18:45 com_github_MitjaNemec_ReplicateLayout.replicate_layout 985:Src text UUid:3c1bfea1-92e6-4289-883e-e13964559222
05-15 21:18:45 com_github_MitjaNemec_ReplicateLayout.replicate_layout 986:Dst text UUid:0b57b82e-cc62-4990-8b5b-b575d021c6d3
05-15 21:18:45 com_github_MitjaNemec_ReplicateLayout.replicate_layout 985:Src text UUid:18f8e835-b483-4605-8701-34df6abb7c92
05-15 21:18:45 com_github_MitjaNemec_ReplicateLayout.replicate_layout 986:Dst text UUid:16cdd6c6-d879-4a56-b05d-1dc3df6d7c80
05-15 21:18:45 com_github_MitjaNemec_ReplicateLayout.replicate_layout 985:Src text UUid:6fefd183-bac4-4ebb-a456-8306feb951cc
05-15 21:18:45 com_github_MitjaNemec_ReplicateLayout.replicate_layout 986:Dst text UUid:afb31df7-91b2-470a-bcde-67f5384bcd52
05-15 21:18:45 com_github_MitjaNemec_ReplicateLayout.replicate_layout 985:Src text UUid:f45868d1-9352-4f2a-8146-04ca236dabf6
05-15 21:18:45 com_github_MitjaNemec_ReplicateLayout.replicate_layout 986:Dst text UUid:28dfcbb0-ece2-4b86-8a42-fdb52a551895
05-15 21:18:45 com_github_MitjaNemec_ReplicateLayout.replicate_layout 985:Src text UUid:4da0fe3d-f5a9-4ded-ac77-31d6a460bc10
05-15 21:18:45 com_github_MitjaNemec_ReplicateLayout.replicate_layout 986:Dst text UUid:2c2fbf4f-43df-43f1-8925-acbe3f835bd7
05-15 21:18:45 com_github_MitjaNemec_ReplicateLayout.replicate_layout 985:Src text UUid:14f44622-7d9e-4759-97e3-17e62faf05cd
05-15 21:18:45 com_github_MitjaNemec_ReplicateLayout.replicate_layout 986:Dst text UUid:1f662c13-29dd-49fa-85ee-86c2abdbaa57
05-15 21:18:45 com_github_MitjaNemec_ReplicateLayout.replicate_layout 868:Replicating footprints on sheet ['/cell_filt6/']
05-15 21:18:45 com_github_MitjaNemec_ReplicateLayout.replicate_layout 985:Src text UUid:ec187bef-1e75-4ef1-9a40-0c798ee77ca9
05-15 21:18:45 com_github_MitjaNemec_ReplicateLayout.replicate_layout 986:Dst text UUid:03cefbd4-1570-4d38-bdf6-5bbd816c868e
05-15 21:18:45 com_github_MitjaNemec_ReplicateLayout.replicate_layout 985:Src text UUid:187881a8-6a86-4971-80b2-467377d433e5
05-15 21:18:45 com_github_MitjaNemec_ReplicateLayout.replicate_layout 986:Dst text UUid:5059fd39-b34d-4ae3-b5bd-1f0c4abe1d72
05-15 21:18:45 com_github_MitjaNemec_ReplicateLayout.replicate_layout 985:Src text UUid:86f677aa-3768-422a-8159-5d03fce9fdcf
05-15 21:18:45 com_github_MitjaNemec_ReplicateLayout.replicate_layout 986:Dst text UUid:5c908595-a8fc-4298-8174-daf28fe9783d
05-15 21:18:45 com_github_MitjaNemec_ReplicateLayout.replicate_layout 985:Src text UUid:01f6e289-a51b-472c-aec3-827bfd9c9d9d
05-15 21:18:45 com_github_MitjaNemec_ReplicateLayout.replicate_layout 986:Dst text UUid:d49efbce-b6d1-42c4-ae44-d3f7ed4ed8d3
05-15 21:18:45 com_github_MitjaNemec_ReplicateLayout.replicate_layout 985:Src text UUid:fb0133e6-710c-41e5-ab1f-2c5f425d0e51
05-15 21:18:45 com_github_MitjaNemec_ReplicateLayout.replicate_layout 986:Dst text UUid:48b050e8-1a8b-478f-b683-99e613db11b0
05-15 21:18:45 com_github_MitjaNemec_ReplicateLayout.replicate_layout 985:Src text UUid:87a791fe-9541-44cc-bd5b-96aee305f47d
05-15 21:18:45 com_github_MitjaNemec_ReplicateLayout.replicate_layout 986:Dst text UUid:75dfe404-bac3-47e6-bced-2aa17d8b9ce1
05-15 21:18:45 com_github_MitjaNemec_ReplicateLayout.replicate_layout 985:Src text UUid:3c1bfea1-92e6-4289-883e-e13964559222
05-15 21:18:45 com_github_MitjaNemec_ReplicateLayout.replicate_layout 986:Dst text UUid:4538b383-face-4e1b-b5bf-6dd91722dd11
05-15 21:18:45 com_github_MitjaNemec_ReplicateLayout.replicate_layout 985:Src text UUid:18f8e835-b483-4605-8701-34df6abb7c92
05-15 21:18:45 com_github_MitjaNemec_ReplicateLayout.replicate_layout 986:Dst text UUid:cc86a20e-442f-4045-819b-a959f0a81682
05-15 21:18:45 com_github_MitjaNemec_ReplicateLayout.replicate_layout 985:Src text UUid:6fefd183-bac4-4ebb-a456-8306feb951cc
05-15 21:18:45 com_github_MitjaNemec_ReplicateLayout.replicate_layout 986:Dst text UUid:7bb1c64d-d266-4766-bde7-c406a0e1b514
05-15 21:18:45 com_github_MitjaNemec_ReplicateLayout.replicate_layout 985:Src text UUid:f45868d1-9352-4f2a-8146-04ca236dabf6
05-15 21:18:45 com_github_MitjaNemec_ReplicateLayout.replicate_layout 986:Dst text UUid:092d30f8-ba35-4b71-8b90-e5f414228093
05-15 21:18:45 com_github_MitjaNemec_ReplicateLayout.replicate_layout 985:Src text UUid:4da0fe3d-f5a9-4ded-ac77-31d6a460bc10
05-15 21:18:45 com_github_MitjaNemec_ReplicateLayout.replicate_layout 986:Dst text UUid:9ad8267a-ba05-4ffa-9dd6-1b6292667214
05-15 21:18:45 com_github_MitjaNemec_ReplicateLayout.replicate_layout 985:Src text UUid:14f44622-7d9e-4759-97e3-17e62faf05cd
05-15 21:18:45 com_github_MitjaNemec_ReplicateLayout.replicate_layout 986:Dst text UUid:ba69cc7e-41fd-4077-bf1a-a3dfb7e7eb1e
05-15 21:18:45 com_github_MitjaNemec_ReplicateLayout.replicate_layout 868:Replicating footprints on sheet ['/cell_filt7/']
05-15 21:18:45 com_github_MitjaNemec_ReplicateLayout.replicate_layout 985:Src text UUid:ec187bef-1e75-4ef1-9a40-0c798ee77ca9
05-15 21:18:45 com_github_MitjaNemec_ReplicateLayout.replicate_layout 986:Dst text UUid:5d6b5d36-d5ab-48db-91c6-98846a0ff29c
05-15 21:18:45 com_github_MitjaNemec_ReplicateLayout.replicate_layout 985:Src text UUid:187881a8-6a86-4971-80b2-467377d433e5
05-15 21:18:45 com_github_MitjaNemec_ReplicateLayout.replicate_layout 986:Dst text UUid:f2bdf4d6-55c4-428a-adb6-ca8aec922039
05-15 21:18:45 com_github_MitjaNemec_ReplicateLayout.replicate_layout 985:Src text UUid:86f677aa-3768-422a-8159-5d03fce9fdcf
05-15 21:18:45 com_github_MitjaNemec_ReplicateLayout.replicate_layout 986:Dst text UUid:a078ce57-3a93-4242-af17-9977add80fa7
05-15 21:18:45 com_github_MitjaNemec_ReplicateLayout.replicate_layout 985:Src text UUid:01f6e289-a51b-472c-aec3-827bfd9c9d9d
05-15 21:18:45 com_github_MitjaNemec_ReplicateLayout.replicate_layout 986:Dst text UUid:791e4b97-006f-4957-b746-1061b042b12e
05-15 21:18:45 com_github_MitjaNemec_ReplicateLayout.replicate_layout 985:Src text UUid:fb0133e6-710c-41e5-ab1f-2c5f425d0e51
05-15 21:18:45 com_github_MitjaNemec_ReplicateLayout.replicate_layout 986:Dst text UUid:e18ff1ca-0371-4852-83b8-d6ab7bc9fbba
05-15 21:18:45 com_github_MitjaNemec_ReplicateLayout.replicate_layout 985:Src text UUid:87a791fe-9541-44cc-bd5b-96aee305f47d
05-15 21:18:45 com_github_MitjaNemec_ReplicateLayout.replicate_layout 986:Dst text UUid:ad42f52f-b4dc-49c4-8263-e18b05e5b131
05-15 21:18:45 com_github_MitjaNemec_ReplicateLayout.replicate_layout 985:Src text UUid:3c1bfea1-92e6-4289-883e-e13964559222
05-15 21:18:45 com_github_MitjaNemec_ReplicateLayout.replicate_layout 986:Dst text UUid:84af6409-3f29-4f0f-b568-a69a83c84b08
05-15 21:18:45 com_github_MitjaNemec_ReplicateLayout.replicate_layout 985:Src text UUid:18f8e835-b483-4605-8701-34df6abb7c92
05-15 21:18:45 com_github_MitjaNemec_ReplicateLayout.replicate_layout 986:Dst text UUid:bdb34dde-2b45-4a04-8599-e816498945e3
05-15 21:18:45 com_github_MitjaNemec_ReplicateLayout.replicate_layout 985:Src text UUid:6fefd183-bac4-4ebb-a456-8306feb951cc
05-15 21:18:45 com_github_MitjaNemec_ReplicateLayout.replicate_layout 986:Dst text UUid:791a0d71-41e2-4c55-9a1b-94778ea9ffe9
05-15 21:18:45 root 345:updating GUI with: 85
05-15 21:18:45 com_github_MitjaNemec_ReplicateLayout.replicate_layout 985:Src text UUid:f45868d1-9352-4f2a-8146-04ca236dabf6
05-15 21:18:45 com_github_MitjaNemec_ReplicateLayout.replicate_layout 986:Dst text UUid:dc061598-e359-4e5f-95d1-e1cfc787f3e3
05-15 21:18:45 com_github_MitjaNemec_ReplicateLayout.replicate_layout 985:Src text UUid:4da0fe3d-f5a9-4ded-ac77-31d6a460bc10
05-15 21:18:45 com_github_MitjaNemec_ReplicateLayout.replicate_layout 986:Dst text UUid:b96a7a4e-9ba8-4564-97a7-9044efb3d939
05-15 21:18:45 com_github_MitjaNemec_ReplicateLayout.replicate_layout 985:Src text UUid:14f44622-7d9e-4759-97e3-17e62faf05cd
05-15 21:18:45 com_github_MitjaNemec_ReplicateLayout.replicate_layout 986:Dst text UUid:1e73bd40-ede9-474d-a7ed-a9c31bdd02aa
05-15 21:18:45 com_github_MitjaNemec_ReplicateLayout.replicate_layout 868:Replicating footprints on sheet ['/cell_filt8/']
05-15 21:18:45 com_github_MitjaNemec_ReplicateLayout.replicate_layout 985:Src text UUid:ec187bef-1e75-4ef1-9a40-0c798ee77ca9
05-15 21:18:45 com_github_MitjaNemec_ReplicateLayout.replicate_layout 986:Dst text UUid:e849afce-9dba-4d0e-9b28-644a21f4bdea
05-15 21:18:45 com_github_MitjaNemec_ReplicateLayout.replicate_layout 985:Src text UUid:187881a8-6a86-4971-80b2-467377d433e5
05-15 21:18:45 com_github_MitjaNemec_ReplicateLayout.replicate_layout 986:Dst text UUid:80cade36-161f-4e16-8d6e-244e0238815f
05-15 21:18:45 com_github_MitjaNemec_ReplicateLayout.replicate_layout 985:Src text UUid:86f677aa-3768-422a-8159-5d03fce9fdcf
05-15 21:18:45 com_github_MitjaNemec_ReplicateLayout.replicate_layout 986:Dst text UUid:0d491a86-909a-4233-94f9-1a4a55c68125
05-15 21:18:45 com_github_MitjaNemec_ReplicateLayout.replicate_layout 985:Src text UUid:01f6e289-a51b-472c-aec3-827bfd9c9d9d
05-15 21:18:45 com_github_MitjaNemec_ReplicateLayout.replicate_layout 986:Dst text UUid:5ee36ea8-bdd6-414e-82f8-7775ea06a227
05-15 21:18:45 com_github_MitjaNemec_ReplicateLayout.replicate_layout 985:Src text UUid:fb0133e6-710c-41e5-ab1f-2c5f425d0e51
05-15 21:18:45 com_github_MitjaNemec_ReplicateLayout.replicate_layout 986:Dst text UUid:342de48e-831d-4d3b-a633-627fb0851d2c
05-15 21:18:45 com_github_MitjaNemec_ReplicateLayout.replicate_layout 985:Src text UUid:87a791fe-9541-44cc-bd5b-96aee305f47d
05-15 21:18:45 com_github_MitjaNemec_ReplicateLayout.replicate_layout 986:Dst text UUid:ea34862e-e7ba-4bea-8c0c-b2a05c8e13e4
05-15 21:18:45 com_github_MitjaNemec_ReplicateLayout.replicate_layout 985:Src text UUid:3c1bfea1-92e6-4289-883e-e13964559222
05-15 21:18:45 com_github_MitjaNemec_ReplicateLayout.replicate_layout 986:Dst text UUid:4ad31013-3340-479f-8a71-ad6c4f739b5e
05-15 21:18:45 com_github_MitjaNemec_ReplicateLayout.replicate_layout 985:Src text UUid:18f8e835-b483-4605-8701-34df6abb7c92
05-15 21:18:45 com_github_MitjaNemec_ReplicateLayout.replicate_layout 986:Dst text UUid:98c34128-4944-4657-ab9a-79cdb9f7d405
05-15 21:18:45 com_github_MitjaNemec_ReplicateLayout.replicate_layout 985:Src text UUid:6fefd183-bac4-4ebb-a456-8306feb951cc
05-15 21:18:45 com_github_MitjaNemec_ReplicateLayout.replicate_layout 986:Dst text UUid:567a4493-6aca-41c4-83ac-b03c3ac2f085
05-15 21:18:45 com_github_MitjaNemec_ReplicateLayout.replicate_layout 985:Src text UUid:f45868d1-9352-4f2a-8146-04ca236dabf6
05-15 21:18:45 com_github_MitjaNemec_ReplicateLayout.replicate_layout 986:Dst text UUid:377aba04-b737-4210-9a0b-f5c8b817babe
05-15 21:18:45 com_github_MitjaNemec_ReplicateLayout.replicate_layout 985:Src text UUid:4da0fe3d-f5a9-4ded-ac77-31d6a460bc10
05-15 21:18:45 com_github_MitjaNemec_ReplicateLayout.replicate_layout 986:Dst text UUid:71513368-9286-493b-a067-eda1ccac2a9a
05-15 21:18:45 com_github_MitjaNemec_ReplicateLayout.replicate_layout 985:Src text UUid:14f44622-7d9e-4759-97e3-17e62faf05cd
05-15 21:18:45 com_github_MitjaNemec_ReplicateLayout.replicate_layout 986:Dst text UUid:aedbdd75-4e18-471a-b2ba-2ad5ce074175
05-15 21:18:45 com_github_MitjaNemec_ReplicateLayout.replicate_layout 868:Replicating footprints on sheet ['/cell_filt9/']
05-15 21:18:45 com_github_MitjaNemec_ReplicateLayout.replicate_layout 985:Src text UUid:ec187bef-1e75-4ef1-9a40-0c798ee77ca9
05-15 21:18:45 com_github_MitjaNemec_ReplicateLayout.replicate_layout 986:Dst text UUid:84d51de0-e37f-437f-a87d-87304ca74fc4
05-15 21:18:45 com_github_MitjaNemec_ReplicateLayout.replicate_layout 985:Src text UUid:187881a8-6a86-4971-80b2-467377d433e5
05-15 21:18:45 com_github_MitjaNemec_ReplicateLayout.replicate_layout 986:Dst text UUid:6f26d8ff-8672-492c-89ec-e8e43d9d822d
05-15 21:18:45 com_github_MitjaNemec_ReplicateLayout.replicate_layout 985:Src text UUid:86f677aa-3768-422a-8159-5d03fce9fdcf
05-15 21:18:45 com_github_MitjaNemec_ReplicateLayout.replicate_layout 986:Dst text UUid:90eb3d62-14ba-4f45-9d52-13a2ab61a880
05-15 21:18:45 com_github_MitjaNemec_ReplicateLayout.replicate_layout 985:Src text UUid:01f6e289-a51b-472c-aec3-827bfd9c9d9d
05-15 21:18:45 com_github_MitjaNemec_ReplicateLayout.replicate_layout 986:Dst text UUid:d11c18c3-cd31-41bd-8873-b2d467af7044
05-15 21:18:45 com_github_MitjaNemec_ReplicateLayout.replicate_layout 985:Src text UUid:fb0133e6-710c-41e5-ab1f-2c5f425d0e51
05-15 21:18:45 com_github_MitjaNemec_ReplicateLayout.replicate_layout 986:Dst text UUid:e35e8ce4-0c62-4136-8312-b1ab7a755fbb
05-15 21:18:45 com_github_MitjaNemec_ReplicateLayout.replicate_layout 985:Src text UUid:87a791fe-9541-44cc-bd5b-96aee305f47d
05-15 21:18:45 com_github_MitjaNemec_ReplicateLayout.replicate_layout 986:Dst text UUid:f3c5be39-0c02-4fc7-8f07-20fa1ebb013f
05-15 21:18:45 com_github_MitjaNemec_ReplicateLayout.replicate_layout 985:Src text UUid:3c1bfea1-92e6-4289-883e-e13964559222
05-15 21:18:45 com_github_MitjaNemec_ReplicateLayout.replicate_layout 986:Dst text UUid:20cc2a3a-af1a-4695-96d9-1b1ad8ef8fb7
05-15 21:18:45 com_github_MitjaNemec_ReplicateLayout.replicate_layout 985:Src text UUid:18f8e835-b483-4605-8701-34df6abb7c92
05-15 21:18:45 com_github_MitjaNemec_ReplicateLayout.replicate_layout 986:Dst text UUid:3a1864bf-cdce-4392-bf26-ad0fad1c7d7e
05-15 21:18:45 com_github_MitjaNemec_ReplicateLayout.replicate_layout 985:Src text UUid:6fefd183-bac4-4ebb-a456-8306feb951cc
05-15 21:18:45 com_github_MitjaNemec_ReplicateLayout.replicate_layout 986:Dst text UUid:e0dc27a2-4d0e-4fb6-be27-58b135e5f219
05-15 21:18:45 com_github_MitjaNemec_ReplicateLayout.replicate_layout 985:Src text UUid:f45868d1-9352-4f2a-8146-04ca236dabf6
05-15 21:18:45 com_github_MitjaNemec_ReplicateLayout.replicate_layout 986:Dst text UUid:64f54e57-6fc2-4641-997f-72d6694dd5e6
05-15 21:18:45 com_github_MitjaNemec_ReplicateLayout.replicate_layout 985:Src text UUid:4da0fe3d-f5a9-4ded-ac77-31d6a460bc10
05-15 21:18:45 com_github_MitjaNemec_ReplicateLayout.replicate_layout 986:Dst text UUid:31049e38-61ad-48d8-9122-2f46334b2872
05-15 21:18:45 com_github_MitjaNemec_ReplicateLayout.replicate_layout 985:Src text UUid:14f44622-7d9e-4759-97e3-17e62faf05cd
05-15 21:18:45 com_github_MitjaNemec_ReplicateLayout.replicate_layout 986:Dst text UUid:2e3be44c-30b8-409a-a75d-7ba004b4e49c
05-15 21:18:45 com_github_MitjaNemec_ReplicateLayout.action_replicate_layout 264:Replication complete
